<?xml version="1.0" encoding="UTF-8"?>
<testsuites name="katalon-demo Test Suite" time="1546.607" tests="19" failures="6" errors="1">
   <testsuite name="katalon-demo Test Suite" tests="19" failures="6" errors="1" time="1546.607" skipped="0" timestamp="22-01-2025T12:45:30" hostname="LENOVO - DESKTOP-PTO9K6O" id="Test Suites/katalon-demo Test Suite">
      <properties>
[...]
</properties>
      <testcase name="Test Cases/TC1_VerifyLoginPage" time="48.359" classname="Test Cases/TC1_VerifyLoginPage" status="PASSED">
         <system-out><![CDATA[22-01-2025T12:45:31 - [TEST_CASE][PASSED] - Test Cases/TC1_VerifyLoginPage: Test Cases/TC1_VerifyLoginPage

22-01-2025T12:45:31 - [TEST_STEP][PASSED] - openBrowser(""): Browser is opened with url: ''

22-01-2025T12:45:32 - [MESSAGE][INFO] - User set preference: ['browserVersion', '133']

22-01-2025T12:45:32 - [MESSAGE][INFO] - User set preference: ['browserName', 'chrome']

22-01-2025T12:45:32 - [MESSAGE][INFO] - User set preference: ['platformName', 'windows']

22-01-2025T12:45:32 - [MESSAGE][INFO] - User set preference: ['katalon:options', '{metadata={organizationId=1874306, accountId=1457090, channel=kse;v=10.0.1}, executionMode=queue, usingTunnel=false}']

22-01-2025T12:45:32 - [MESSAGE][INFO] - Connecting to remote web server 'testcloud.katalon.com/hub' with type 'Selenium'

22-01-2025T12:45:33 - [MESSAGE][INFO] - Action delay is set to 0 milliseconds

22-01-2025T12:46:04 - [MESSAGE][WARNING] - Your browser version or type does not support the BiDirectional WebDriver Protocol which is required for Smart Locator functionality. Please update your browser or switch to a compatible one.

22-01-2025T12:46:04 - [MESSAGE][WARNING] - Your browser version or type does not support the BiDirectional WebDriver Protocol which is required for Smart Wait functionality. Please update your browser or switch to a compatible one.

22-01-2025T12:46:07 - [MESSAGE][PASSED] - Browser is opened with url: ''

22-01-2025T12:46:07 - [TEST_STEP][PASSED] - navigateToUrl("https://katalon-demo-cura.herokuapp.com/"): Navigate to 'https://katalon-demo-cura.herokuapp.com/' successfully

22-01-2025T12:46:09 - [MESSAGE][PASSED] - Navigate to 'https://katalon-demo-cura.herokuapp.com/' successfully

22-01-2025T12:46:09 - [TEST_STEP][PASSED] - click(findTestObject("Object Repository/LoginPage/Page_CURA Healthcare Service/i_CURA Healthcare_fa fa-bars")): Object: 'Object Repository/LoginPage/Page_CURA Healthcare Service/i_CURA Healthcare_fa fa-bars' is clicked on

22-01-2025T12:46:10 - [MESSAGE][PASSED] - Object: 'Object Repository/LoginPage/Page_CURA Healthcare Service/i_CURA Healthcare_fa fa-bars' is clicked on

22-01-2025T12:46:10 - [TEST_STEP][PASSED] - click(findTestObject("Object Repository/LoginPage/Page_CURA Healthcare Service/a_Login")): Object: 'Object Repository/LoginPage/Page_CURA Healthcare Service/a_Login' is clicked on

22-01-2025T12:46:12 - [MESSAGE][PASSED] - Object: 'Object Repository/LoginPage/Page_CURA Healthcare Service/a_Login' is clicked on

22-01-2025T12:46:12 - [TEST_STEP][PASSED] - verifyElementPresent(findTestObject("Object Repository/LoginPage/Page_CURA Healthcare Service/h2_Login"), 0): Object 'Object Repository/LoginPage/Page_CURA Healthcare Service/h2_Login' is present

22-01-2025T12:46:12 - [MESSAGE][WARNING] - Timeout '0' is invalid. Using default page load timeout: '30'

22-01-2025T12:46:13 - [MESSAGE][PASSED] - Object 'Object Repository/LoginPage/Page_CURA Healthcare Service/h2_Login' is present

22-01-2025T12:46:13 - [TEST_STEP][PASSED] - verifyElementVisible(findTestObject("Object Repository/LoginPage/Page_CURA Healthcare Service/input_Username_username")): Object 'Object Repository/LoginPage/Page_CURA Healthcare Service/input_Username_username' is visible

22-01-2025T12:46:14 - [MESSAGE][PASSED] - Object 'Object Repository/LoginPage/Page_CURA Healthcare Service/input_Username_username' is visible

22-01-2025T12:46:14 - [TEST_STEP][PASSED] - click(findTestObject("Object Repository/LoginPage/Page_CURA Healthcare Service/button_Login")): Object: 'Object Repository/LoginPage/Page_CURA Healthcare Service/button_Login' is clicked on

22-01-2025T12:46:15 - [MESSAGE][PASSED] - Object: 'Object Repository/LoginPage/Page_CURA Healthcare Service/button_Login' is clicked on

22-01-2025T12:46:15 - [TEST_STEP][PASSED] - verifyElementText(findTestObject("Object Repository/LoginPage/Page_CURA Healthcare Service/p_Login failed Please ensure the username a_eb55b5"), "Login failed! Please ensure the username and password are valid."): Actual text and expected text of test object 'Object Repository/LoginPage/Page_CURA Healthcare Service/p_Login failed Please ensure the username a_eb55b5' are matched.

22-01-2025T12:46:16 - [MESSAGE][PASSED] - Actual text and expected text of test object 'Object Repository/LoginPage/Page_CURA Healthcare Service/p_Login failed Please ensure the username a_eb55b5' are matched.

22-01-2025T12:46:16 - [TEST_STEP][PASSED] - closeBrowser(): Browser is closed

22-01-2025T12:46:19 - [MESSAGE][PASSED] - Browser is closed]]></system-out>
         <system-err><![CDATA[]]></system-err>
      </testcase>
      <testcase name="Test Cases/TC2_VerifyDemoUsernamePassword" time="66.513" classname="Test Cases/TC2_VerifyDemoUsernamePassword" status="PASSED">
         <system-out><![CDATA[22-01-2025T12:46:19 - [TEST_CASE][PASSED] - Test Cases/TC2_VerifyDemoUsernamePassword: Test Cases/TC2_VerifyDemoUsernamePassword

22-01-2025T12:46:19 - [TEST_STEP][PASSED] - openBrowser(""): Browser is opened with url: ''

22-01-2025T12:46:19 - [MESSAGE][INFO] - User set preference: ['browserVersion', '133']

22-01-2025T12:46:19 - [MESSAGE][INFO] - User set preference: ['browserName', 'chrome']

22-01-2025T12:46:19 - [MESSAGE][INFO] - User set preference: ['platformName', 'windows']

22-01-2025T12:46:19 - [MESSAGE][INFO] - User set preference: ['katalon:options', '{metadata={organizationId=1874306, accountId=1457090, channel=kse;v=10.0.1}, executionMode=queue, usingTunnel=false}']

22-01-2025T12:46:19 - [MESSAGE][INFO] - Connecting to remote web server 'testcloud.katalon.com/hub' with type 'Selenium'

22-01-2025T12:46:19 - [MESSAGE][INFO] - Action delay is set to 0 milliseconds

22-01-2025T12:47:13 - [MESSAGE][WARNING] - Your browser version or type does not support the BiDirectional WebDriver Protocol which is required for Smart Locator functionality. Please update your browser or switch to a compatible one.

22-01-2025T12:47:13 - [MESSAGE][WARNING] - Your browser version or type does not support the BiDirectional WebDriver Protocol which is required for Smart Wait functionality. Please update your browser or switch to a compatible one.

22-01-2025T12:47:15 - [MESSAGE][PASSED] - Browser is opened with url: ''

22-01-2025T12:47:15 - [TEST_STEP][PASSED] - navigateToUrl("https://katalon-demo-cura.herokuapp.com/"): Navigate to 'https://katalon-demo-cura.herokuapp.com/' successfully

22-01-2025T12:47:16 - [MESSAGE][PASSED] - Navigate to 'https://katalon-demo-cura.herokuapp.com/' successfully

22-01-2025T12:47:16 - [TEST_STEP][PASSED] - click(findTestObject("Object Repository/LoginPage/Page_CURA Healthcare Service/a_CURA Healthcare_menu-toggle")): Object: 'Object Repository/LoginPage/Page_CURA Healthcare Service/a_CURA Healthcare_menu-toggle' is clicked on

22-01-2025T12:47:18 - [MESSAGE][PASSED] - Object: 'Object Repository/LoginPage/Page_CURA Healthcare Service/a_CURA Healthcare_menu-toggle' is clicked on

22-01-2025T12:47:18 - [TEST_STEP][PASSED] - click(findTestObject("Object Repository/LoginPage/Page_CURA Healthcare Service/a_Login")): Object: 'Object Repository/LoginPage/Page_CURA Healthcare Service/a_Login' is clicked on

22-01-2025T12:47:20 - [MESSAGE][PASSED] - Object: 'Object Repository/LoginPage/Page_CURA Healthcare Service/a_Login' is clicked on

22-01-2025T12:47:20 - [TEST_STEP][PASSED] - verifyElementText(findTestObject("Object Repository/LoginPage/Page_CURA Healthcare Service/label_Demo account"), "Demo account"): Actual text and expected text of test object 'Object Repository/LoginPage/Page_CURA Healthcare Service/label_Demo account' are matched.

22-01-2025T12:47:21 - [MESSAGE][PASSED] - Actual text and expected text of test object 'Object Repository/LoginPage/Page_CURA Healthcare Service/label_Demo account' are matched.

22-01-2025T12:47:21 - [TEST_STEP][PASSED] - verifyElementVisible(findTestObject("Object Repository/LoginPage/Page_CURA Healthcare Service/input_Demo account_form-control")): Object 'Object Repository/LoginPage/Page_CURA Healthcare Service/input_Demo account_form-control' is visible

22-01-2025T12:47:23 - [MESSAGE][PASSED] - Object 'Object Repository/LoginPage/Page_CURA Healthcare Service/input_Demo account_form-control' is visible

22-01-2025T12:47:23 - [TEST_STEP][PASSED] - verifyElementVisible(findTestObject("Object Repository/LoginPage/Page_CURA Healthcare Service/input_Demo account_form-control_1")): Object 'Object Repository/LoginPage/Page_CURA Healthcare Service/input_Demo account_form-control_1' is visible

22-01-2025T12:47:24 - [MESSAGE][PASSED] - Object 'Object Repository/LoginPage/Page_CURA Healthcare Service/input_Demo account_form-control_1' is visible

22-01-2025T12:47:24 - [TEST_STEP][PASSED] - closeBrowser(): Browser is closed

22-01-2025T12:47:25 - [MESSAGE][PASSED] - Browser is closed]]></system-out>
         <system-err><![CDATA[]]></system-err>
      </testcase>
      <testcase name="Test Cases/TC3_VerifyHomePage" time="39.639" classname="Test Cases/TC3_VerifyHomePage" status="PASSED">
         <system-out><![CDATA[22-01-2025T12:47:25 - [TEST_CASE][PASSED] - Test Cases/TC3_VerifyHomePage: Test Cases/TC3_VerifyHomePage

22-01-2025T12:47:26 - [TEST_STEP][PASSED] - openBrowser(""): Browser is opened with url: ''

22-01-2025T12:47:26 - [MESSAGE][INFO] - User set preference: ['browserVersion', '133']

22-01-2025T12:47:26 - [MESSAGE][INFO] - User set preference: ['browserName', 'chrome']

22-01-2025T12:47:26 - [MESSAGE][INFO] - User set preference: ['platformName', 'windows']

22-01-2025T12:47:26 - [MESSAGE][INFO] - User set preference: ['katalon:options', '{metadata={organizationId=1874306, accountId=1457090, channel=kse;v=10.0.1}, executionMode=queue, usingTunnel=false}']

22-01-2025T12:47:26 - [MESSAGE][INFO] - Connecting to remote web server 'testcloud.katalon.com/hub' with type 'Selenium'

22-01-2025T12:47:26 - [MESSAGE][INFO] - Action delay is set to 0 milliseconds

22-01-2025T12:47:54 - [MESSAGE][WARNING] - Your browser version or type does not support the BiDirectional WebDriver Protocol which is required for Smart Locator functionality. Please update your browser or switch to a compatible one.

22-01-2025T12:47:54 - [MESSAGE][WARNING] - Your browser version or type does not support the BiDirectional WebDriver Protocol which is required for Smart Wait functionality. Please update your browser or switch to a compatible one.

22-01-2025T12:47:56 - [MESSAGE][PASSED] - Browser is opened with url: ''

22-01-2025T12:47:56 - [TEST_STEP][PASSED] - navigateToUrl("https://katalon-demo-cura.herokuapp.com/"): Navigate to 'https://katalon-demo-cura.herokuapp.com/' successfully

22-01-2025T12:47:57 - [MESSAGE][PASSED] - Navigate to 'https://katalon-demo-cura.herokuapp.com/' successfully

22-01-2025T12:47:57 - [TEST_STEP][PASSED] - verifyElementText(findTestObject("Object Repository/HomePage/Page_CURA Healthcare Service/h1_CURA Healthcare Service"), "CURA Healthcare Service"): Actual text and expected text of test object 'Object Repository/HomePage/Page_CURA Healthcare Service/h1_CURA Healthcare Service' are matched.

22-01-2025T12:47:59 - [MESSAGE][PASSED] - Actual text and expected text of test object 'Object Repository/HomePage/Page_CURA Healthcare Service/h1_CURA Healthcare Service' are matched.

22-01-2025T12:47:59 - [TEST_STEP][PASSED] - click(findTestObject("Object Repository/HomePage/Page_CURA Healthcare Service/h3_We Care About Your Health")): Object: 'Object Repository/HomePage/Page_CURA Healthcare Service/h3_We Care About Your Health' is clicked on

22-01-2025T12:48:00 - [MESSAGE][PASSED] - Object: 'Object Repository/HomePage/Page_CURA Healthcare Service/h3_We Care About Your Health' is clicked on

22-01-2025T12:48:00 - [TEST_STEP][PASSED] - verifyElementText(findTestObject("Object Repository/HomePage/Page_CURA Healthcare Service/h3_We Care About Your Health"), "We Care About Your Health"): Actual text and expected text of test object 'Object Repository/HomePage/Page_CURA Healthcare Service/h3_We Care About Your Health' are matched.

22-01-2025T12:48:01 - [MESSAGE][PASSED] - Actual text and expected text of test object 'Object Repository/HomePage/Page_CURA Healthcare Service/h3_We Care About Your Health' are matched.

22-01-2025T12:48:01 - [TEST_STEP][PASSED] - verifyElementText(findTestObject("Object Repository/HomePage/Page_CURA Healthcare Service/a_Make Appointment"), "Make Appointment"): Actual text and expected text of test object 'Object Repository/HomePage/Page_CURA Healthcare Service/a_Make Appointment' are matched.

22-01-2025T12:48:02 - [MESSAGE][PASSED] - Actual text and expected text of test object 'Object Repository/HomePage/Page_CURA Healthcare Service/a_Make Appointment' are matched.

22-01-2025T12:48:02 - [TEST_STEP][PASSED] - verifyElementClickable(findTestObject("Object Repository/HomePage/Page_CURA Healthcare Service/a_Make Appointment")): Object 'Object Repository/HomePage/Page_CURA Healthcare Service/a_Make Appointment' is clickable

22-01-2025T12:48:04 - [MESSAGE][PASSED] - Object 'Object Repository/HomePage/Page_CURA Healthcare Service/a_Make Appointment' is clickable

22-01-2025T12:48:04 - [TEST_STEP][PASSED] - closeBrowser(): Browser is closed

22-01-2025T12:48:05 - [MESSAGE][PASSED] - Browser is closed]]></system-out>
         <system-err><![CDATA[]]></system-err>
      </testcase>
      <testcase name="Test Cases/TC4_VerifyAddressOnHomePage" time="40.703" classname="Test Cases/TC4_VerifyAddressOnHomePage" status="FAILED">
         <failure type="FAILED" message="Test Cases/TC4_VerifyAddressOnHomePage FAILED.&#xa;Reason:&#xa;com.kms.katalon.core.exception.StepFailedException: Verify element text of test object 'Object Repository/HomePage/Page_CURA Healthcare Service/p_Atlanta 550 Pharr Road NE Suite 525Atlant_8f4c85' FAILED.&#xa;	at com.kms.katalon.core.webui.keyword.internal.WebUIKeywordMain.stepFailed(WebUIKeywordMain.groovy:117)&#xa;	at com.kms.katalon.core.webui.keyword.internal.WebUIKeywordMain.runKeyword(WebUIKeywordMain.groovy:43)&#xa;	at com.kms.katalon.core.webui.keyword.builtin.VerifyElementTextKeyword.verifyElementText(VerifyElementTextKeyword.groovy:72)&#xa;	at com.kms.katalon.core.webui.keyword.builtin.VerifyElementTextKeyword.execute(VerifyElementTextKeyword.groovy:40)&#xa;	at com.kms.katalon.core.keyword.internal.KeywordExecutor.executeKeywordForPlatform(KeywordExecutor.groovy:74)&#xa;	at com.kms.katalon.core.webui.keyword.WebUiBuiltInKeywords.verifyElementText(WebUiBuiltInKeywords.groovy:4994)&#xa;	at TC4_VerifyAddressOnHomePage.run(TC4_VerifyAddressOnHomePage:27)&#xa;	at com.kms.katalon.core.main.ScriptEngine.run(ScriptEngine.java:194)&#xa;	at com.kms.katalon.core.main.ScriptEngine.runScriptAsRawText(ScriptEngine.java:119)&#xa;	at com.kms.katalon.core.main.TestCaseExecutor.runScript(TestCaseExecutor.java:448)&#xa;	at com.kms.katalon.core.main.TestCaseExecutor.doExecute(TestCaseExecutor.java:439)&#xa;	at com.kms.katalon.core.main.TestCaseExecutor.processExecutionPhase(TestCaseExecutor.java:418)&#xa;	at com.kms.katalon.core.main.TestCaseExecutor.accessMainPhase(TestCaseExecutor.java:410)&#xa;	at com.kms.katalon.core.main.TestCaseExecutor.execute(TestCaseExecutor.java:285)&#xa;	at com.kms.katalon.core.main.TestCaseExecutor.execute(TestCaseExecutor.java:369)&#xa;	at com.kms.katalon.core.main.TestCaseExecutor.execute(TestCaseExecutor.java:369)&#xa;	at com.kms.katalon.core.main.TestCaseExecutor.execute(TestCaseExecutor.java:369)&#xa;	at com.kms.katalon.core.common.CommonExecutor.accessTestCaseMainPhase(CommonExecutor.java:65)&#xa;	at com.kms.katalon.core.main.TestSuiteExecutor.accessTestSuiteMainPhase(TestSuiteExecutor.java:161)&#xa;	at com.kms.katalon.core.main.TestSuiteExecutor.execute(TestSuiteExecutor.java:107)&#xa;	at com.kms.katalon.core.main.TestCaseMain.startTestSuite(TestCaseMain.java:176)&#xa;	at TempTestSuite1737530112289.run(TempTestSuite1737530112289.groovy:35)&#xa;	at java.base/jdk.internal.reflect.NativeMethodAccessorImpl.invoke0(Native Method)&#xa;	at java.base/jdk.internal.reflect.NativeMethodAccessorImpl.invoke(NativeMethodAccessorImpl.java:77)&#xa;	at java.base/jdk.internal.reflect.DelegatingMethodAccessorImpl.invoke(DelegatingMethodAccessorImpl.java:43)&#xa;Caused by: com.kms.katalon.core.exception.StepFailedException: Actual text 'Atlanta 550 Pharr Road NE Suite 525&#xa;Atlanta, GA 30305' and expected text 'Atlanta 550 Pharr Road NE Suite 525' of test object 'Object Repository/HomePage/Page_CURA Healthcare Service/p_Atlanta 550 Pharr Road NE Suite 525Atlant_8f4c85' are NOT matched.&#xa;	at com.kms.katalon.core.webui.keyword.internal.WebUIKeywordMain.stepFailed(WebUIKeywordMain.groovy:117)&#xa;	at com.kms.katalon.core.webui.keyword.builtin.VerifyElementTextKeyword$_verifyElementText_closure1.doCall(VerifyElementTextKeyword.groovy:57)&#xa;	at com.kms.katalon.core.webui.keyword.builtin.VerifyElementTextKeyword$_verifyElementText_closure1.call(VerifyElementTextKeyword.groovy)&#xa;	at com.kms.katalon.core.webui.keyword.internal.WebUIKeywordMain.runKeyword(WebUIKeywordMain.groovy:35)&#xa;	... 23 more&#xa;"/>
         <system-out><![CDATA[22-01-2025T12:50:04 - [TEST_CASE][FAILED] - Test Cases/TC4_VerifyAddressOnHomePage: Test Cases/TC4_VerifyAddressOnHomePage FAILED.
Reason:
com.kms.katalon.core.exception.StepFailedException: Verify element text of test object 'Object Repository/HomePage/Page_CURA Healthcare Service/p_Atlanta 550 Pharr Road NE Suite 525Atlant_8f4c85' FAILED.
	at com.kms.katalon.core.webui.keyword.internal.WebUIKeywordMain.stepFailed(WebUIKeywordMain.groovy:117)
	at com.kms.katalon.core.webui.keyword.internal.WebUIKeywordMain.runKeyword(WebUIKeywordMain.groovy:43)
	at com.kms.katalon.core.webui.keyword.builtin.VerifyElementTextKeyword.verifyElementText(VerifyElementTextKeyword.groovy:72)
	at com.kms.katalon.core.webui.keyword.builtin.VerifyElementTextKeyword.execute(VerifyElementTextKeyword.groovy:40)
	at com.kms.katalon.core.keyword.internal.KeywordExecutor.executeKeywordForPlatform(KeywordExecutor.groovy:74)
	at com.kms.katalon.core.webui.keyword.WebUiBuiltInKeywords.verifyElementText(WebUiBuiltInKeywords.groovy:4994)
	at TC4_VerifyAddressOnHomePage.run(TC4_VerifyAddressOnHomePage:27)
	at com.kms.katalon.core.main.ScriptEngine.run(ScriptEngine.java:194)
	at com.kms.katalon.core.main.ScriptEngine.runScriptAsRawText(ScriptEngine.java:119)
	at com.kms.katalon.core.main.TestCaseExecutor.runScript(TestCaseExecutor.java:448)
	at com.kms.katalon.core.main.TestCaseExecutor.doExecute(TestCaseExecutor.java:439)
	at com.kms.katalon.core.main.TestCaseExecutor.processExecutionPhase(TestCaseExecutor.java:418)
	at com.kms.katalon.core.main.TestCaseExecutor.accessMainPhase(TestCaseExecutor.java:410)
	at com.kms.katalon.core.main.TestCaseExecutor.execute(TestCaseExecutor.java:285)
	at com.kms.katalon.core.main.TestCaseExecutor.execute(TestCaseExecutor.java:369)
	at com.kms.katalon.core.main.TestCaseExecutor.execute(TestCaseExecutor.java:369)
	at com.kms.katalon.core.main.TestCaseExecutor.execute(TestCaseExecutor.java:369)
	at com.kms.katalon.core.common.CommonExecutor.accessTestCaseMainPhase(CommonExecutor.java:65)
	at com.kms.katalon.core.main.TestSuiteExecutor.accessTestSuiteMainPhase(TestSuiteExecutor.java:161)
	at com.kms.katalon.core.main.TestSuiteExecutor.execute(TestSuiteExecutor.java:107)
	at com.kms.katalon.core.main.TestCaseMain.startTestSuite(TestCaseMain.java:176)
	at TempTestSuite1737530112289.run(TempTestSuite1737530112289.groovy:35)
	at java.base/jdk.internal.reflect.NativeMethodAccessorImpl.invoke0(Native Method)
	at java.base/jdk.internal.reflect.NativeMethodAccessorImpl.invoke(NativeMethodAccessorImpl.java:77)
	at java.base/jdk.internal.reflect.DelegatingMethodAccessorImpl.invoke(DelegatingMethodAccessorImpl.java:43)
Caused by: com.kms.katalon.core.exception.StepFailedException: Actual text 'Atlanta 550 Pharr Road NE Suite 525
Atlanta, GA 30305' and expected text 'Atlanta 550 Pharr Road NE Suite 525' of test object 'Object Repository/HomePage/Page_CURA Healthcare Service/p_Atlanta 550 Pharr Road NE Suite 525Atlant_8f4c85' are NOT matched.
	at com.kms.katalon.core.webui.keyword.internal.WebUIKeywordMain.stepFailed(WebUIKeywordMain.groovy:117)
	at com.kms.katalon.core.webui.keyword.builtin.VerifyElementTextKeyword$_verifyElementText_closure1.doCall(VerifyElementTextKeyword.groovy:57)
	at com.kms.katalon.core.webui.keyword.builtin.VerifyElementTextKeyword$_verifyElementText_closure1.call(VerifyElementTextKeyword.groovy)
	at com.kms.katalon.core.webui.keyword.internal.WebUIKeywordMain.runKeyword(WebUIKeywordMain.groovy:35)
	... 23 more


22-01-2025T12:50:04 - [TEST_STEP][PASSED] - openBrowser(""): Browser is opened with url: ''

22-01-2025T12:50:04 - [MESSAGE][WARNING] - A browser is already opened. Closing browser and opening a new one

22-01-2025T12:50:05 - [MESSAGE][INFO] - User set preference: ['browserVersion', '133']

22-01-2025T12:50:05 - [MESSAGE][INFO] - User set preference: ['browserName', 'chrome']

22-01-2025T12:50:05 - [MESSAGE][INFO] - User set preference: ['platformName', 'windows']

22-01-2025T12:50:05 - [MESSAGE][INFO] - User set preference: ['katalon:options', '{metadata={organizationId=1874306, accountId=1457090, channel=kse;v=10.0.1}, executionMode=queue, usingTunnel=false}']

22-01-2025T12:50:05 - [MESSAGE][INFO] - Connecting to remote web server 'testcloud.katalon.com/hub' with type 'Selenium'

22-01-2025T12:50:05 - [MESSAGE][INFO] - Action delay is set to 0 milliseconds

22-01-2025T12:50:30 - [MESSAGE][WARNING] - Your browser version or type does not support the BiDirectional WebDriver Protocol which is required for Smart Locator functionality. Please update your browser or switch to a compatible one.

22-01-2025T12:50:30 - [MESSAGE][WARNING] - Your browser version or type does not support the BiDirectional WebDriver Protocol which is required for Smart Wait functionality. Please update your browser or switch to a compatible one.

22-01-2025T12:50:32 - [MESSAGE][PASSED] - Browser is opened with url: ''

22-01-2025T12:50:32 - [TEST_STEP][PASSED] - navigateToUrl("https://katalon-demo-cura.herokuapp.com/"): Navigate to 'https://katalon-demo-cura.herokuapp.com/' successfully

22-01-2025T12:50:34 - [MESSAGE][PASSED] - Navigate to 'https://katalon-demo-cura.herokuapp.com/' successfully

22-01-2025T12:50:34 - [TEST_STEP][PASSED] - verifyElementText(findTestObject("Object Repository/HomePage/Page_CURA Healthcare Service/strong_CURA Healthcare Service"), "CURA Healthcare Service"): Actual text and expected text of test object 'Object Repository/HomePage/Page_CURA Healthcare Service/strong_CURA Healthcare Service' are matched.

22-01-2025T12:50:35 - [MESSAGE][PASSED] - Actual text and expected text of test object 'Object Repository/HomePage/Page_CURA Healthcare Service/strong_CURA Healthcare Service' are matched.

22-01-2025T12:50:35 - [TEST_STEP][FAILED] - verifyElementText(findTestObject("Object Repository/HomePage/Page_CURA Healthcare Service/p_Atlanta 550 Pharr Road NE Suite 525Atlant_8f4c85"), "Atlanta 550 Pharr Road NE Suite 525"): Verify element text of test object 'Object Repository/HomePage/Page_CURA Healthcare Service/p_Atlanta 550 Pharr Road NE Suite 525Atlant_8f4c85' FAILED. (Root cause: com.kms.katalon.core.exception.StepFailedException: Verify element text of test object 'Object Repository/HomePage/Page_CURA Healthcare Service/p_Atlanta 550 Pharr Road NE Suite 525Atlant_8f4c85' FAILED.
	at com.kms.katalon.core.webui.keyword.internal.WebUIKeywordMain.stepFailed(WebUIKeywordMain.groovy:117)
	at com.kms.katalon.core.webui.keyword.internal.WebUIKeywordMain.runKeyword(WebUIKeywordMain.groovy:43)
	at com.kms.katalon.core.webui.keyword.builtin.VerifyElementTextKeyword.verifyElementText(VerifyElementTextKeyword.groovy:72)
	at com.kms.katalon.core.webui.keyword.builtin.VerifyElementTextKeyword.execute(VerifyElementTextKeyword.groovy:40)
	at com.kms.katalon.core.keyword.internal.KeywordExecutor.executeKeywordForPlatform(KeywordExecutor.groovy:74)
	at com.kms.katalon.core.webui.keyword.WebUiBuiltInKeywords.verifyElementText(WebUiBuiltInKeywords.groovy:4994)
	at TC4_VerifyAddressOnHomePage.run(TC4_VerifyAddressOnHomePage:27)
	at com.kms.katalon.core.main.ScriptEngine.run(ScriptEngine.java:194)
	at com.kms.katalon.core.main.ScriptEngine.runScriptAsRawText(ScriptEngine.java:119)
	at com.kms.katalon.core.main.TestCaseExecutor.runScript(TestCaseExecutor.java:448)
	at com.kms.katalon.core.main.TestCaseExecutor.doExecute(TestCaseExecutor.java:439)
	at com.kms.katalon.core.main.TestCaseExecutor.processExecutionPhase(TestCaseExecutor.java:418)
	at com.kms.katalon.core.main.TestCaseExecutor.accessMainPhase(TestCaseExecutor.java:410)
	at com.kms.katalon.core.main.TestCaseExecutor.execute(TestCaseExecutor.java:285)
	at com.kms.katalon.core.main.TestCaseExecutor.execute(TestCaseExecutor.java:369)
	at com.kms.katalon.core.main.TestCaseExecutor.execute(TestCaseExecutor.java:369)
	at com.kms.katalon.core.main.TestCaseExecutor.execute(TestCaseExecutor.java:369)
	at com.kms.katalon.core.common.CommonExecutor.accessTestCaseMainPhase(CommonExecutor.java:65)
	at com.kms.katalon.core.main.TestSuiteExecutor.accessTestSuiteMainPhase(TestSuiteExecutor.java:161)
	at com.kms.katalon.core.main.TestSuiteExecutor.execute(TestSuiteExecutor.java:107)
	at com.kms.katalon.core.main.TestCaseMain.startTestSuite(TestCaseMain.java:176)
	at TempTestSuite1737530112289.run(TempTestSuite1737530112289.groovy:35)
	at java.base/jdk.internal.reflect.NativeMethodAccessorImpl.invoke0(Native Method)
	at java.base/jdk.internal.reflect.NativeMethodAccessorImpl.invoke(NativeMethodAccessorImpl.java:77)
	at java.base/jdk.internal.reflect.DelegatingMethodAccessorImpl.invoke(DelegatingMethodAccessorImpl.java:43)
Caused by: com.kms.katalon.core.exception.StepFailedException: Actual text 'Atlanta 550 Pharr Road NE Suite 525
Atlanta, GA 30305' and expected text 'Atlanta 550 Pharr Road NE Suite 525' of test object 'Object Repository/HomePage/Page_CURA Healthcare Service/p_Atlanta 550 Pharr Road NE Suite 525Atlant_8f4c85' are NOT matched.
	at com.kms.katalon.core.webui.keyword.internal.WebUIKeywordMain.stepFailed(WebUIKeywordMain.groovy:117)
	at com.kms.katalon.core.webui.keyword.builtin.VerifyElementTextKeyword$_verifyElementText_closure1.doCall(VerifyElementTextKeyword.groovy:57)
	at com.kms.katalon.core.webui.keyword.builtin.VerifyElementTextKeyword$_verifyElementText_closure1.call(VerifyElementTextKeyword.groovy)
	at com.kms.katalon.core.webui.keyword.internal.WebUIKeywordMain.runKeyword(WebUIKeywordMain.groovy:35)
	... 23 more
)

22-01-2025T12:50:41 - [MESSAGE][FAILED] - Actual text 'Atlanta 550 Pharr Road NE Suite 525
Atlanta, GA 30305' and expected text 'Atlanta 550 Pharr Road NE Suite 525' of test object 'Object Repository/HomePage/Page_CURA Healthcare Service/p_Atlanta 550 Pharr Road NE Suite 525Atlant_8f4c85' are NOT matched. (Root cause: com.kms.katalon.core.exception.StepFailedException: Actual text 'Atlanta 550 Pharr Road NE Suite 525
Atlanta, GA 30305' and expected text 'Atlanta 550 Pharr Road NE Suite 525' of test object 'Object Repository/HomePage/Page_CURA Healthcare Service/p_Atlanta 550 Pharr Road NE Suite 525Atlant_8f4c85' are NOT matched.
	at com.kms.katalon.core.webui.keyword.internal.WebUIKeywordMain.stepFailed(WebUIKeywordMain.groovy:117)
	at com.kms.katalon.core.webui.keyword.builtin.VerifyElementTextKeyword$_verifyElementText_closure1.doCall(VerifyElementTextKeyword.groovy:57)
	at com.kms.katalon.core.webui.keyword.builtin.VerifyElementTextKeyword$_verifyElementText_closure1.call(VerifyElementTextKeyword.groovy)
	at com.kms.katalon.core.webui.keyword.internal.WebUIKeywordMain.runKeyword(WebUIKeywordMain.groovy:35)
	at com.kms.katalon.core.webui.keyword.builtin.VerifyElementTextKeyword.verifyElementText(VerifyElementTextKeyword.groovy:72)
	at com.kms.katalon.core.webui.keyword.builtin.VerifyElementTextKeyword.execute(VerifyElementTextKeyword.groovy:40)
	at com.kms.katalon.core.keyword.internal.KeywordExecutor.executeKeywordForPlatform(KeywordExecutor.groovy:74)
	at com.kms.katalon.core.webui.keyword.WebUiBuiltInKeywords.verifyElementText(WebUiBuiltInKeywords.groovy:4994)
	at TC4_VerifyAddressOnHomePage.run(TC4_VerifyAddressOnHomePage:27)
	at com.kms.katalon.core.main.ScriptEngine.run(ScriptEngine.java:194)
	at com.kms.katalon.core.main.ScriptEngine.runScriptAsRawText(ScriptEngine.java:119)
	at com.kms.katalon.core.main.TestCaseExecutor.runScript(TestCaseExecutor.java:448)
	at com.kms.katalon.core.main.TestCaseExecutor.doExecute(TestCaseExecutor.java:439)
	at com.kms.katalon.core.main.TestCaseExecutor.processExecutionPhase(TestCaseExecutor.java:418)
	at com.kms.katalon.core.main.TestCaseExecutor.accessMainPhase(TestCaseExecutor.java:410)
	at com.kms.katalon.core.main.TestCaseExecutor.execute(TestCaseExecutor.java:285)
	at com.kms.katalon.core.main.TestCaseExecutor.execute(TestCaseExecutor.java:369)
	at com.kms.katalon.core.main.TestCaseExecutor.execute(TestCaseExecutor.java:369)
	at com.kms.katalon.core.main.TestCaseExecutor.execute(TestCaseExecutor.java:369)
	at com.kms.katalon.core.common.CommonExecutor.accessTestCaseMainPhase(CommonExecutor.java:65)
	at com.kms.katalon.core.main.TestSuiteExecutor.accessTestSuiteMainPhase(TestSuiteExecutor.java:161)
	at com.kms.katalon.core.main.TestSuiteExecutor.execute(TestSuiteExecutor.java:107)
	at com.kms.katalon.core.main.TestCaseMain.startTestSuite(TestCaseMain.java:176)
	at TempTestSuite1737530112289.run(TempTestSuite1737530112289.groovy:35)
	at java.base/jdk.internal.reflect.NativeMethodAccessorImpl.invoke0(Native Method)
	at java.base/jdk.internal.reflect.NativeMethodAccessorImpl.invoke(NativeMethodAccessorImpl.java:77)
	at java.base/jdk.internal.reflect.DelegatingMethodAccessorImpl.invoke(DelegatingMethodAccessorImpl.java:43)
)
[[ATTACHMENT|C:\\Users\\LENOVO\\Katalon Studio\\My First Web UI Project\\Reports\\20250122_124512\\katalon-demo Test Suite\\20250122_124512\\1737530436669.png]]

22-01-2025T12:50:44 - [MESSAGE][FAILED] - Verify element text of test object 'Object Repository/HomePage/Page_CURA Healthcare Service/p_Atlanta 550 Pharr Road NE Suite 525Atlant_8f4c85' FAILED. (Root cause: com.kms.katalon.core.exception.StepFailedException: Verify element text of test object 'Object Repository/HomePage/Page_CURA Healthcare Service/p_Atlanta 550 Pharr Road NE Suite 525Atlant_8f4c85' FAILED.
	at com.kms.katalon.core.webui.keyword.internal.WebUIKeywordMain.stepFailed(WebUIKeywordMain.groovy:117)
	at com.kms.katalon.core.webui.keyword.internal.WebUIKeywordMain.runKeyword(WebUIKeywordMain.groovy:43)
	at com.kms.katalon.core.webui.keyword.builtin.VerifyElementTextKeyword.verifyElementText(VerifyElementTextKeyword.groovy:72)
	at com.kms.katalon.core.webui.keyword.builtin.VerifyElementTextKeyword.execute(VerifyElementTextKeyword.groovy:40)
	at com.kms.katalon.core.keyword.internal.KeywordExecutor.executeKeywordForPlatform(KeywordExecutor.groovy:74)
	at com.kms.katalon.core.webui.keyword.WebUiBuiltInKeywords.verifyElementText(WebUiBuiltInKeywords.groovy:4994)
	at TC4_VerifyAddressOnHomePage.run(TC4_VerifyAddressOnHomePage:27)
	at com.kms.katalon.core.main.ScriptEngine.run(ScriptEngine.java:194)
	at com.kms.katalon.core.main.ScriptEngine.runScriptAsRawText(ScriptEngine.java:119)
	at com.kms.katalon.core.main.TestCaseExecutor.runScript(TestCaseExecutor.java:448)
	at com.kms.katalon.core.main.TestCaseExecutor.doExecute(TestCaseExecutor.java:439)
	at com.kms.katalon.core.main.TestCaseExecutor.processExecutionPhase(TestCaseExecutor.java:418)
	at com.kms.katalon.core.main.TestCaseExecutor.accessMainPhase(TestCaseExecutor.java:410)
	at com.kms.katalon.core.main.TestCaseExecutor.execute(TestCaseExecutor.java:285)
	at com.kms.katalon.core.main.TestCaseExecutor.execute(TestCaseExecutor.java:369)
	at com.kms.katalon.core.main.TestCaseExecutor.execute(TestCaseExecutor.java:369)
	at com.kms.katalon.core.main.TestCaseExecutor.execute(TestCaseExecutor.java:369)
	at com.kms.katalon.core.common.CommonExecutor.accessTestCaseMainPhase(CommonExecutor.java:65)
	at com.kms.katalon.core.main.TestSuiteExecutor.accessTestSuiteMainPhase(TestSuiteExecutor.java:161)
	at com.kms.katalon.core.main.TestSuiteExecutor.execute(TestSuiteExecutor.java:107)
	at com.kms.katalon.core.main.TestCaseMain.startTestSuite(TestCaseMain.java:176)
	at TempTestSuite1737530112289.run(TempTestSuite1737530112289.groovy:35)
	at java.base/jdk.internal.reflect.NativeMethodAccessorImpl.invoke0(Native Method)
	at java.base/jdk.internal.reflect.NativeMethodAccessorImpl.invoke(NativeMethodAccessorImpl.java:77)
	at java.base/jdk.internal.reflect.DelegatingMethodAccessorImpl.invoke(DelegatingMethodAccessorImpl.java:43)
Caused by: com.kms.katalon.core.exception.StepFailedException: Actual text 'Atlanta 550 Pharr Road NE Suite 525
Atlanta, GA 30305' and expected text 'Atlanta 550 Pharr Road NE Suite 525' of test object 'Object Repository/HomePage/Page_CURA Healthcare Service/p_Atlanta 550 Pharr Road NE Suite 525Atlant_8f4c85' are NOT matched.
	at com.kms.katalon.core.webui.keyword.internal.WebUIKeywordMain.stepFailed(WebUIKeywordMain.groovy:117)
	at com.kms.katalon.core.webui.keyword.builtin.VerifyElementTextKeyword$_verifyElementText_closure1.doCall(VerifyElementTextKeyword.groovy:57)
	at com.kms.katalon.core.webui.keyword.builtin.VerifyElementTextKeyword$_verifyElementText_closure1.call(VerifyElementTextKeyword.groovy)
	at com.kms.katalon.core.webui.keyword.internal.WebUIKeywordMain.runKeyword(WebUIKeywordMain.groovy:35)
	... 23 more
)
[[ATTACHMENT|C:\\Users\\LENOVO\\Katalon Studio\\My First Web UI Project\\Reports\\20250122_124512\\katalon-demo Test Suite\\20250122_124512\\1737530441603.png]]]]></system-out>
         <system-err><![CDATA[22-01-2025T12:50:04 - [TEST_CASE][FAILED] - Test Cases/TC4_VerifyAddressOnHomePage: Test Cases/TC4_VerifyAddressOnHomePage FAILED.
Reason:
com.kms.katalon.core.exception.StepFailedException: Verify element text of test object 'Object Repository/HomePage/Page_CURA Healthcare Service/p_Atlanta 550 Pharr Road NE Suite 525Atlant_8f4c85' FAILED.
	at com.kms.katalon.core.webui.keyword.internal.WebUIKeywordMain.stepFailed(WebUIKeywordMain.groovy:117)
	at com.kms.katalon.core.webui.keyword.internal.WebUIKeywordMain.runKeyword(WebUIKeywordMain.groovy:43)
	at com.kms.katalon.core.webui.keyword.builtin.VerifyElementTextKeyword.verifyElementText(VerifyElementTextKeyword.groovy:72)
	at com.kms.katalon.core.webui.keyword.builtin.VerifyElementTextKeyword.execute(VerifyElementTextKeyword.groovy:40)
	at com.kms.katalon.core.keyword.internal.KeywordExecutor.executeKeywordForPlatform(KeywordExecutor.groovy:74)
	at com.kms.katalon.core.webui.keyword.WebUiBuiltInKeywords.verifyElementText(WebUiBuiltInKeywords.groovy:4994)
	at TC4_VerifyAddressOnHomePage.run(TC4_VerifyAddressOnHomePage:27)
	at com.kms.katalon.core.main.ScriptEngine.run(ScriptEngine.java:194)
	at com.kms.katalon.core.main.ScriptEngine.runScriptAsRawText(ScriptEngine.java:119)
	at com.kms.katalon.core.main.TestCaseExecutor.runScript(TestCaseExecutor.java:448)
	at com.kms.katalon.core.main.TestCaseExecutor.doExecute(TestCaseExecutor.java:439)
	at com.kms.katalon.core.main.TestCaseExecutor.processExecutionPhase(TestCaseExecutor.java:418)
	at com.kms.katalon.core.main.TestCaseExecutor.accessMainPhase(TestCaseExecutor.java:410)
	at com.kms.katalon.core.main.TestCaseExecutor.execute(TestCaseExecutor.java:285)
	at com.kms.katalon.core.main.TestCaseExecutor.execute(TestCaseExecutor.java:369)
	at com.kms.katalon.core.main.TestCaseExecutor.execute(TestCaseExecutor.java:369)
	at com.kms.katalon.core.main.TestCaseExecutor.execute(TestCaseExecutor.java:369)
	at com.kms.katalon.core.common.CommonExecutor.accessTestCaseMainPhase(CommonExecutor.java:65)
	at com.kms.katalon.core.main.TestSuiteExecutor.accessTestSuiteMainPhase(TestSuiteExecutor.java:161)
	at com.kms.katalon.core.main.TestSuiteExecutor.execute(TestSuiteExecutor.java:107)
	at com.kms.katalon.core.main.TestCaseMain.startTestSuite(TestCaseMain.java:176)
	at TempTestSuite1737530112289.run(TempTestSuite1737530112289.groovy:35)
	at java.base/jdk.internal.reflect.NativeMethodAccessorImpl.invoke0(Native Method)
	at java.base/jdk.internal.reflect.NativeMethodAccessorImpl.invoke(NativeMethodAccessorImpl.java:77)
	at java.base/jdk.internal.reflect.DelegatingMethodAccessorImpl.invoke(DelegatingMethodAccessorImpl.java:43)
Caused by: com.kms.katalon.core.exception.StepFailedException: Actual text 'Atlanta 550 Pharr Road NE Suite 525
Atlanta, GA 30305' and expected text 'Atlanta 550 Pharr Road NE Suite 525' of test object 'Object Repository/HomePage/Page_CURA Healthcare Service/p_Atlanta 550 Pharr Road NE Suite 525Atlant_8f4c85' are NOT matched.
	at com.kms.katalon.core.webui.keyword.internal.WebUIKeywordMain.stepFailed(WebUIKeywordMain.groovy:117)
	at com.kms.katalon.core.webui.keyword.builtin.VerifyElementTextKeyword$_verifyElementText_closure1.doCall(VerifyElementTextKeyword.groovy:57)
	at com.kms.katalon.core.webui.keyword.builtin.VerifyElementTextKeyword$_verifyElementText_closure1.call(VerifyElementTextKeyword.groovy)
	at com.kms.katalon.core.webui.keyword.internal.WebUIKeywordMain.runKeyword(WebUIKeywordMain.groovy:35)
	... 23 more]]></system-err>
      </testcase>
      <testcase name="Test Cases/TC10_ValidUsernamePassword" time="39.831" classname="Test Cases/TC10_ValidUsernamePassword" status="PASSED">
         <system-out><![CDATA[22-01-2025T12:50:45 - [TEST_CASE][PASSED] - Test Cases/TC10_ValidUsernamePassword: Test Cases/TC10_ValidUsernamePassword

22-01-2025T12:50:45 - [TEST_STEP][PASSED] - openBrowser(""): Browser is opened with url: ''

22-01-2025T12:50:45 - [MESSAGE][WARNING] - A browser is already opened. Closing browser and opening a new one

22-01-2025T12:50:46 - [MESSAGE][INFO] - User set preference: ['browserVersion', '133']

22-01-2025T12:50:46 - [MESSAGE][INFO] - User set preference: ['browserName', 'chrome']

22-01-2025T12:50:46 - [MESSAGE][INFO] - User set preference: ['platformName', 'windows']

22-01-2025T12:50:46 - [MESSAGE][INFO] - User set preference: ['katalon:options', '{metadata={organizationId=1874306, accountId=1457090, channel=kse;v=10.0.1}, executionMode=queue, usingTunnel=false}']

22-01-2025T12:50:46 - [MESSAGE][INFO] - Connecting to remote web server 'testcloud.katalon.com/hub' with type 'Selenium'

22-01-2025T12:50:46 - [MESSAGE][INFO] - Action delay is set to 0 milliseconds

22-01-2025T12:51:10 - [MESSAGE][WARNING] - Your browser version or type does not support the BiDirectional WebDriver Protocol which is required for Smart Locator functionality. Please update your browser or switch to a compatible one.

22-01-2025T12:51:10 - [MESSAGE][WARNING] - Your browser version or type does not support the BiDirectional WebDriver Protocol which is required for Smart Wait functionality. Please update your browser or switch to a compatible one.

22-01-2025T12:51:12 - [MESSAGE][PASSED] - Browser is opened with url: ''

22-01-2025T12:51:12 - [TEST_STEP][PASSED] - navigateToUrl("https://katalon-demo-cura.herokuapp.com/"): Navigate to 'https://katalon-demo-cura.herokuapp.com/' successfully

22-01-2025T12:51:13 - [MESSAGE][PASSED] - Navigate to 'https://katalon-demo-cura.herokuapp.com/' successfully

22-01-2025T12:51:13 - [TEST_STEP][PASSED] - click(findTestObject("HomePage/Page_CURA Healthcare Service/i_CURA Healthcare_fa fa-bars")): Object: 'Object Repository/HomePage/Page_CURA Healthcare Service/i_CURA Healthcare_fa fa-bars' is clicked on

22-01-2025T12:51:14 - [MESSAGE][PASSED] - Object: 'Object Repository/HomePage/Page_CURA Healthcare Service/i_CURA Healthcare_fa fa-bars' is clicked on

22-01-2025T12:51:14 - [TEST_STEP][PASSED] - click(findTestObject("HomePage/Page_CURA Healthcare Service/a_Login")): Object: 'Object Repository/HomePage/Page_CURA Healthcare Service/a_Login' is clicked on

22-01-2025T12:51:16 - [MESSAGE][PASSED] - Object: 'Object Repository/HomePage/Page_CURA Healthcare Service/a_Login' is clicked on

22-01-2025T12:51:16 - [TEST_STEP][PASSED] - setText(findTestObject("LoginPage/Page_CURA Healthcare Service/input_Username_username"), "John Doe"): Text 'John Doe' is set on object 'Object Repository/LoginPage/Page_CURA Healthcare Service/input_Username_username'

22-01-2025T12:51:19 - [MESSAGE][PASSED] - Text 'John Doe' is set on object 'Object Repository/LoginPage/Page_CURA Healthcare Service/input_Username_username'

22-01-2025T12:51:19 - [TEST_STEP][PASSED] - setEncryptedText(findTestObject("LoginPage/Page_CURA Healthcare Service/input_Password_password"), "g3/DOGG74jC3Flrr3yH+3D/yKbOqqUNM"): Text ****** has been set on object 'Object Repository/LoginPage/Page_CURA Healthcare Service/input_Password_password'

22-01-2025T12:51:21 - [MESSAGE][PASSED] - Text ****** has been set on object 'Object Repository/LoginPage/Page_CURA Healthcare Service/input_Password_password'

22-01-2025T12:51:21 - [TEST_STEP][PASSED] - click(findTestObject("LoginPage/Page_CURA Healthcare Service/button_Login")): Object: 'Object Repository/LoginPage/Page_CURA Healthcare Service/button_Login' is clicked on

22-01-2025T12:51:22 - [MESSAGE][PASSED] - Object: 'Object Repository/LoginPage/Page_CURA Healthcare Service/button_Login' is clicked on

22-01-2025T12:51:22 - [TEST_STEP][PASSED] - verifyElementText(findTestObject("Object Repository/MakeAppoinmentPage/Page_CURA Healthcare Service/h2_Make Appointment"), "Make Appointment"): Actual text and expected text of test object 'Object Repository/MakeAppoinmentPage/Page_CURA Healthcare Service/h2_Make Appointment' are matched.

22-01-2025T12:51:23 - [MESSAGE][PASSED] - Actual text and expected text of test object 'Object Repository/MakeAppoinmentPage/Page_CURA Healthcare Service/h2_Make Appointment' are matched.

22-01-2025T12:51:23 - [TEST_STEP][PASSED] - closeBrowser(): Browser is closed

22-01-2025T12:51:24 - [MESSAGE][PASSED] - Browser is closed]]></system-out>
         <system-err><![CDATA[]]></system-err>
      </testcase>
      <testcase name="Test Cases/TC11_VerifyMenuAfterLogin" time="50.972" classname="Test Cases/TC11_VerifyMenuAfterLogin" status="FAILED">
         <failure type="FAILED" message="Test Cases/TC11_VerifyMenuAfterLogin FAILED.&#xa;Reason:&#xa;com.kms.katalon.core.exception.StepFailedException: Verify element text of test object 'Object Repository/HomePage/Page_CURA Healthcare Service/a_History' FAILED.&#xa;	at com.kms.katalon.core.webui.keyword.internal.WebUIKeywordMain.stepFailed(WebUIKeywordMain.groovy:117)&#xa;	at com.kms.katalon.core.webui.keyword.internal.WebUIKeywordMain.runKeyword(WebUIKeywordMain.groovy:43)&#xa;	at com.kms.katalon.core.webui.keyword.builtin.VerifyElementTextKeyword.verifyElementText(VerifyElementTextKeyword.groovy:72)&#xa;	at com.kms.katalon.core.webui.keyword.builtin.VerifyElementTextKeyword.execute(VerifyElementTextKeyword.groovy:40)&#xa;	at com.kms.katalon.core.keyword.internal.KeywordExecutor.executeKeywordForPlatform(KeywordExecutor.groovy:74)&#xa;	at com.kms.katalon.core.webui.keyword.WebUiBuiltInKeywords.verifyElementText(WebUiBuiltInKeywords.groovy:4994)&#xa;	at TC11_VerifyMenuAfterLogin.run(TC11_VerifyMenuAfterLogin:39)&#xa;	at com.kms.katalon.core.main.ScriptEngine.run(ScriptEngine.java:194)&#xa;	at com.kms.katalon.core.main.ScriptEngine.runScriptAsRawText(ScriptEngine.java:119)&#xa;	at com.kms.katalon.core.main.TestCaseExecutor.runScript(TestCaseExecutor.java:448)&#xa;	at com.kms.katalon.core.main.TestCaseExecutor.doExecute(TestCaseExecutor.java:439)&#xa;	at com.kms.katalon.core.main.TestCaseExecutor.processExecutionPhase(TestCaseExecutor.java:418)&#xa;	at com.kms.katalon.core.main.TestCaseExecutor.accessMainPhase(TestCaseExecutor.java:410)&#xa;	at com.kms.katalon.core.main.TestCaseExecutor.execute(TestCaseExecutor.java:285)&#xa;	at com.kms.katalon.core.main.TestCaseExecutor.execute(TestCaseExecutor.java:369)&#xa;	at com.kms.katalon.core.main.TestCaseExecutor.execute(TestCaseExecutor.java:369)&#xa;	at com.kms.katalon.core.main.TestCaseExecutor.execute(TestCaseExecutor.java:369)&#xa;	at com.kms.katalon.core.common.CommonExecutor.accessTestCaseMainPhase(CommonExecutor.java:65)&#xa;	at com.kms.katalon.core.main.TestSuiteExecutor.accessTestSuiteMainPhase(TestSuiteExecutor.java:161)&#xa;	at com.kms.katalon.core.main.TestSuiteExecutor.execute(TestSuiteExecutor.java:107)&#xa;	at com.kms.katalon.core.main.TestCaseMain.startTestSuite(TestCaseMain.java:176)&#xa;	at TempTestSuite1737530112289.run(TempTestSuite1737530112289.groovy:35)&#xa;	at java.base/jdk.internal.reflect.NativeMethodAccessorImpl.invoke0(Native Method)&#xa;	at java.base/jdk.internal.reflect.NativeMethodAccessorImpl.invoke(NativeMethodAccessorImpl.java:77)&#xa;	at java.base/jdk.internal.reflect.DelegatingMethodAccessorImpl.invoke(DelegatingMethodAccessorImpl.java:43)&#xa;Caused by: org.openqa.selenium.NoSuchSessionException: invalid session id: session deleted as the browser has closed the connection&#xa;from disconnected: Unable to receive message from renderer&#xa;  (Session info: chrome=133.0.6847.2)&#xa;Build info: version: '4.22.0', revision: 'c5f3146703'&#xa;System info: os.name: 'Windows 10', os.arch: 'amd64', os.version: '10.0', java.version: '17.0.7'&#xa;Driver info: com.kms.katalon.selenium.driver.CRemoteWebDriver&#xa;Command: [f263dc1953a56f5c0ea9275c5734d31c, findElements {using=xpath, value=(//a[@onclick=&quot;$('#menu-close').click();&quot;])[3]}]&#xa;Capabilities {acceptInsecureCerts: false, browserName: chrome, browserVersion: 133.0.6847.2, chrome: {chromedriverVersion: 133.0.6847.2 (7e95e23d2d1f8..., userDataDir: C:\Program Files\scoped_dir...}, fedcm:accounts: true, goog:chromeOptions: {debuggerAddress: localhost:9225}, katalon:caps: {executionId: b3188bb9-b233-4689-96cd-b7b..., executionSessionId: a1c54cd6-4f82-46e9-8079-b87...}, katalon:options: {executionId: b3188bb9-b233-4689-96cd-b7b..., executionMode: queue, executionSessionId: a1c54cd6-4f82-46e9-8079-b87..., metadata: {accountUuid: c6686683-9d96-48f5-b27c-e63..., channel: kse;v=10.0.1, organizationId: 1874306, usingTunnel: false}, runFromTestCloud: true, userId: 1643285, usingTunnel: false}, kt:requestId: a1c54cd6-4f82-46e9-8079-b87..., kt:rid: a1c54cd6-4f82-46e9-8079-b87..., networkConnectionEnabled: false, pageLoadStrategy: normal, platformName: windows, proxy: Proxy(), se:bidiEnabled: false, se:cdpEnabled: false, setWindowRect: true, strictFileInteractability: false, timeouts: {implicit: 0, pageLoad: 300000, script: 30000}, unhandledPromptBehavior: dismiss and notify, webauthn:extension:credBlob: true, webauthn:extension:largeBlob: true, webauthn:extension:minPinLength: true, webauthn:extension:prf: true, webauthn:virtualAuthenticators: true}&#xa;Session ID: f263dc1953a56f5c0ea9275c5734d31c&#xa;	at jdk.internal.reflect.GeneratedConstructorAccessor37.newInstance(Unknown Source)&#xa;	at java.base/jdk.internal.reflect.DelegatingConstructorAccessorImpl.newInstance(DelegatingConstructorAccessorImpl.java:45)&#xa;	at org.openqa.selenium.remote.ErrorCodec.decode(ErrorCodec.java:167)&#xa;	at org.openqa.selenium.remote.codec.w3c.W3CHttpResponseCodec.decode(W3CHttpResponseCodec.java:138)&#xa;	at org.openqa.selenium.remote.codec.w3c.W3CHttpResponseCodec.decode(W3CHttpResponseCodec.java:50)&#xa;	at org.openqa.selenium.remote.HttpCommandExecutor.execute(HttpCommandExecutor.java:190)&#xa;	at org.openqa.selenium.remote.RemoteWebDriver.execute(RemoteWebDriver.java:518)&#xa;	at org.openqa.selenium.remote.ElementLocation$ElementFinder$2.findElements(ElementLocation.java:182)&#xa;	at org.openqa.selenium.remote.ElementLocation.findElements(ElementLocation.java:103)&#xa;	at org.openqa.selenium.remote.RemoteWebDriver.findElements(RemoteWebDriver.java:368)&#xa;	at org.openqa.selenium.remote.RemoteWebDriver.findElements(RemoteWebDriver.java:362)&#xa;	at jdk.internal.reflect.GeneratedMethodAccessor20.invoke(Unknown Source)&#xa;	at java.base/jdk.internal.reflect.DelegatingMethodAccessorImpl.invoke(DelegatingMethodAccessorImpl.java:43)&#xa;	at org.openqa.selenium.support.decorators.WebDriverDecorator.call(WebDriverDecorator.java:249)&#xa;	at org.openqa.selenium.support.decorators.DefaultDecorated.call(DefaultDecorated.java:48)&#xa;	at org.openqa.selenium.support.decorators.WebDriverDecorator.lambda$createProxy$2(WebDriverDecorator.java:321)&#xa;	at org.openqa.selenium.remote.RemoteWebDriver$ByteBuddy$DD2VH8mb.findElements(Unknown Source)&#xa;	at com.kms.katalon.core.webui.common.WebUiCommonHelper.findElementByNormalMethods(WebUiCommonHelper.java:1036)&#xa;	at com.kms.katalon.core.webui.common.WebUiCommonHelper.findElementsBySelectedMethod(WebUiCommonHelper.java:927)&#xa;	at com.kms.katalon.core.webui.common.WebUiCommonHelper.findElementsBySelectedMethod(WebUiCommonHelper.java:909)&#xa;	at com.kms.katalon.core.webui.common.WebUiCommonHelper.findElementsBySelectedMethod(WebUiCommonHelper.java:904)&#xa;	at com.kms.katalon.core.webui.common.WebUiCommonHelper.findElementsByDefault(WebUiCommonHelper.java:900)&#xa;	at com.kms.katalon.core.webui.common.WebUiCommonHelper.findElementsWithSelfHealing(WebUiCommonHelper.java:746)&#xa;	at com.kms.katalon.core.webui.common.WebUiCommonHelper.findWebElements(WebUiCommonHelper.java:730)&#xa;	at com.kms.katalon.core.webui.common.WebUiCommonHelper.findWebElement(WebUiCommonHelper.java:1416)&#xa;	at com.kms.katalon.core.webui.keyword.internal.WebUIAbstractKeyword.findWebElement(WebUIAbstractKeyword.groovy:27)&#xa;	at com.kms.katalon.core.webui.keyword.builtin.VerifyElementTextKeyword$_verifyElementText_closure1.doCall(VerifyElementTextKeyword.groovy:52)&#xa;	at com.kms.katalon.core.webui.keyword.builtin.VerifyElementTextKeyword$_verifyElementText_closure1.call(VerifyElementTextKeyword.groovy)&#xa;	at com.kms.katalon.core.webui.keyword.internal.WebUIKeywordMain.runKeyword(WebUIKeywordMain.groovy:35)&#xa;	... 23 more&#xa;"/>
         <system-out><![CDATA[22-01-2025T12:53:05 - [TEST_CASE][FAILED] - Test Cases/TC11_VerifyMenuAfterLogin: Test Cases/TC11_VerifyMenuAfterLogin FAILED.
Reason:
com.kms.katalon.core.exception.StepFailedException: Verify element text of test object 'Object Repository/HomePage/Page_CURA Healthcare Service/a_History' FAILED.
	at com.kms.katalon.core.webui.keyword.internal.WebUIKeywordMain.stepFailed(WebUIKeywordMain.groovy:117)
	at com.kms.katalon.core.webui.keyword.internal.WebUIKeywordMain.runKeyword(WebUIKeywordMain.groovy:43)
	at com.kms.katalon.core.webui.keyword.builtin.VerifyElementTextKeyword.verifyElementText(VerifyElementTextKeyword.groovy:72)
	at com.kms.katalon.core.webui.keyword.builtin.VerifyElementTextKeyword.execute(VerifyElementTextKeyword.groovy:40)
	at com.kms.katalon.core.keyword.internal.KeywordExecutor.executeKeywordForPlatform(KeywordExecutor.groovy:74)
	at com.kms.katalon.core.webui.keyword.WebUiBuiltInKeywords.verifyElementText(WebUiBuiltInKeywords.groovy:4994)
	at TC11_VerifyMenuAfterLogin.run(TC11_VerifyMenuAfterLogin:39)
	at com.kms.katalon.core.main.ScriptEngine.run(ScriptEngine.java:194)
	at com.kms.katalon.core.main.ScriptEngine.runScriptAsRawText(ScriptEngine.java:119)
	at com.kms.katalon.core.main.TestCaseExecutor.runScript(TestCaseExecutor.java:448)
	at com.kms.katalon.core.main.TestCaseExecutor.doExecute(TestCaseExecutor.java:439)
	at com.kms.katalon.core.main.TestCaseExecutor.processExecutionPhase(TestCaseExecutor.java:418)
	at com.kms.katalon.core.main.TestCaseExecutor.accessMainPhase(TestCaseExecutor.java:410)
	at com.kms.katalon.core.main.TestCaseExecutor.execute(TestCaseExecutor.java:285)
	at com.kms.katalon.core.main.TestCaseExecutor.execute(TestCaseExecutor.java:369)
	at com.kms.katalon.core.main.TestCaseExecutor.execute(TestCaseExecutor.java:369)
	at com.kms.katalon.core.main.TestCaseExecutor.execute(TestCaseExecutor.java:369)
	at com.kms.katalon.core.common.CommonExecutor.accessTestCaseMainPhase(CommonExecutor.java:65)
	at com.kms.katalon.core.main.TestSuiteExecutor.accessTestSuiteMainPhase(TestSuiteExecutor.java:161)
	at com.kms.katalon.core.main.TestSuiteExecutor.execute(TestSuiteExecutor.java:107)
	at com.kms.katalon.core.main.TestCaseMain.startTestSuite(TestCaseMain.java:176)
	at TempTestSuite1737530112289.run(TempTestSuite1737530112289.groovy:35)
	at java.base/jdk.internal.reflect.NativeMethodAccessorImpl.invoke0(Native Method)
	at java.base/jdk.internal.reflect.NativeMethodAccessorImpl.invoke(NativeMethodAccessorImpl.java:77)
	at java.base/jdk.internal.reflect.DelegatingMethodAccessorImpl.invoke(DelegatingMethodAccessorImpl.java:43)
Caused by: org.openqa.selenium.NoSuchSessionException: invalid session id: session deleted as the browser has closed the connection
from disconnected: Unable to receive message from renderer
  (Session info: chrome=133.0.6847.2)
Build info: version: '4.22.0', revision: 'c5f3146703'
System info: os.name: 'Windows 10', os.arch: 'amd64', os.version: '10.0', java.version: '17.0.7'
Driver info: com.kms.katalon.selenium.driver.CRemoteWebDriver
Command: [f263dc1953a56f5c0ea9275c5734d31c, findElements {using=xpath, value=(//a[@onclick="$('#menu-close').click();"])[3]}]
Capabilities {acceptInsecureCerts: false, browserName: chrome, browserVersion: 133.0.6847.2, chrome: {chromedriverVersion: 133.0.6847.2 (7e95e23d2d1f8..., userDataDir: C:\Program Files\scoped_dir...}, fedcm:accounts: true, goog:chromeOptions: {debuggerAddress: localhost:9225}, katalon:caps: {executionId: b3188bb9-b233-4689-96cd-b7b..., executionSessionId: a1c54cd6-4f82-46e9-8079-b87...}, katalon:options: {executionId: b3188bb9-b233-4689-96cd-b7b..., executionMode: queue, executionSessionId: a1c54cd6-4f82-46e9-8079-b87..., metadata: {accountUuid: c6686683-9d96-48f5-b27c-e63..., channel: kse;v=10.0.1, organizationId: 1874306, usingTunnel: false}, runFromTestCloud: true, userId: 1643285, usingTunnel: false}, kt:requestId: a1c54cd6-4f82-46e9-8079-b87..., kt:rid: a1c54cd6-4f82-46e9-8079-b87..., networkConnectionEnabled: false, pageLoadStrategy: normal, platformName: windows, proxy: Proxy(), se:bidiEnabled: false, se:cdpEnabled: false, setWindowRect: true, strictFileInteractability: false, timeouts: {implicit: 0, pageLoad: 300000, script: 30000}, unhandledPromptBehavior: dismiss and notify, webauthn:extension:credBlob: true, webauthn:extension:largeBlob: true, webauthn:extension:minPinLength: true, webauthn:extension:prf: true, webauthn:virtualAuthenticators: true}
Session ID: f263dc1953a56f5c0ea9275c5734d31c
	at jdk.internal.reflect.GeneratedConstructorAccessor37.newInstance(Unknown Source)
	at java.base/jdk.internal.reflect.DelegatingConstructorAccessorImpl.newInstance(DelegatingConstructorAccessorImpl.java:45)
	at org.openqa.selenium.remote.ErrorCodec.decode(ErrorCodec.java:167)
	at org.openqa.selenium.remote.codec.w3c.W3CHttpResponseCodec.decode(W3CHttpResponseCodec.java:138)
	at org.openqa.selenium.remote.codec.w3c.W3CHttpResponseCodec.decode(W3CHttpResponseCodec.java:50)
	at org.openqa.selenium.remote.HttpCommandExecutor.execute(HttpCommandExecutor.java:190)
	at org.openqa.selenium.remote.RemoteWebDriver.execute(RemoteWebDriver.java:518)
	at org.openqa.selenium.remote.ElementLocation$ElementFinder$2.findElements(ElementLocation.java:182)
	at org.openqa.selenium.remote.ElementLocation.findElements(ElementLocation.java:103)
	at org.openqa.selenium.remote.RemoteWebDriver.findElements(RemoteWebDriver.java:368)
	at org.openqa.selenium.remote.RemoteWebDriver.findElements(RemoteWebDriver.java:362)
	at jdk.internal.reflect.GeneratedMethodAccessor20.invoke(Unknown Source)
	at java.base/jdk.internal.reflect.DelegatingMethodAccessorImpl.invoke(DelegatingMethodAccessorImpl.java:43)
	at org.openqa.selenium.support.decorators.WebDriverDecorator.call(WebDriverDecorator.java:249)
	at org.openqa.selenium.support.decorators.DefaultDecorated.call(DefaultDecorated.java:48)
	at org.openqa.selenium.support.decorators.WebDriverDecorator.lambda$createProxy$2(WebDriverDecorator.java:321)
	at org.openqa.selenium.remote.RemoteWebDriver$ByteBuddy$DD2VH8mb.findElements(Unknown Source)
	at com.kms.katalon.core.webui.common.WebUiCommonHelper.findElementByNormalMethods(WebUiCommonHelper.java:1036)
	at com.kms.katalon.core.webui.common.WebUiCommonHelper.findElementsBySelectedMethod(WebUiCommonHelper.java:927)
	at com.kms.katalon.core.webui.common.WebUiCommonHelper.findElementsBySelectedMethod(WebUiCommonHelper.java:909)
	at com.kms.katalon.core.webui.common.WebUiCommonHelper.findElementsBySelectedMethod(WebUiCommonHelper.java:904)
	at com.kms.katalon.core.webui.common.WebUiCommonHelper.findElementsByDefault(WebUiCommonHelper.java:900)
	at com.kms.katalon.core.webui.common.WebUiCommonHelper.findElementsWithSelfHealing(WebUiCommonHelper.java:746)
	at com.kms.katalon.core.webui.common.WebUiCommonHelper.findWebElements(WebUiCommonHelper.java:730)
	at com.kms.katalon.core.webui.common.WebUiCommonHelper.findWebElement(WebUiCommonHelper.java:1416)
	at com.kms.katalon.core.webui.keyword.internal.WebUIAbstractKeyword.findWebElement(WebUIAbstractKeyword.groovy:27)
	at com.kms.katalon.core.webui.keyword.builtin.VerifyElementTextKeyword$_verifyElementText_closure1.doCall(VerifyElementTextKeyword.groovy:52)
	at com.kms.katalon.core.webui.keyword.builtin.VerifyElementTextKeyword$_verifyElementText_closure1.call(VerifyElementTextKeyword.groovy)
	at com.kms.katalon.core.webui.keyword.internal.WebUIKeywordMain.runKeyword(WebUIKeywordMain.groovy:35)
	... 23 more


22-01-2025T12:53:05 - [TEST_STEP][PASSED] - openBrowser(""): Browser is opened with url: ''

22-01-2025T12:53:05 - [MESSAGE][WARNING] - A browser is already opened. Closing browser and opening a new one

22-01-2025T12:53:06 - [MESSAGE][INFO] - User set preference: ['browserVersion', '133']

22-01-2025T12:53:06 - [MESSAGE][INFO] - User set preference: ['browserName', 'chrome']

22-01-2025T12:53:06 - [MESSAGE][INFO] - User set preference: ['platformName', 'windows']

22-01-2025T12:53:06 - [MESSAGE][INFO] - User set preference: ['katalon:options', '{metadata={organizationId=1874306, accountId=1457090, channel=kse;v=10.0.1}, executionMode=queue, usingTunnel=false}']

22-01-2025T12:53:06 - [MESSAGE][INFO] - Connecting to remote web server 'testcloud.katalon.com/hub' with type 'Selenium'

22-01-2025T12:53:06 - [MESSAGE][INFO] - Action delay is set to 0 milliseconds

22-01-2025T12:53:29 - [MESSAGE][WARNING] - Your browser version or type does not support the BiDirectional WebDriver Protocol which is required for Smart Locator functionality. Please update your browser or switch to a compatible one.

22-01-2025T12:53:29 - [MESSAGE][WARNING] - Your browser version or type does not support the BiDirectional WebDriver Protocol which is required for Smart Wait functionality. Please update your browser or switch to a compatible one.

22-01-2025T12:53:31 - [MESSAGE][PASSED] - Browser is opened with url: ''

22-01-2025T12:53:31 - [TEST_STEP][PASSED] - navigateToUrl("https://katalon-demo-cura.herokuapp.com/"): Navigate to 'https://katalon-demo-cura.herokuapp.com/' successfully

22-01-2025T12:53:31 - [MESSAGE][PASSED] - Navigate to 'https://katalon-demo-cura.herokuapp.com/' successfully

22-01-2025T12:53:31 - [TEST_STEP][PASSED] - click(findTestObject("Object Repository/HomePage/Page_CURA Healthcare Service/i_CURA Healthcare_fa fa-bars")): Object: 'Object Repository/HomePage/Page_CURA Healthcare Service/i_CURA Healthcare_fa fa-bars' is clicked on

22-01-2025T12:53:32 - [MESSAGE][PASSED] - Object: 'Object Repository/HomePage/Page_CURA Healthcare Service/i_CURA Healthcare_fa fa-bars' is clicked on

22-01-2025T12:53:32 - [TEST_STEP][PASSED] - click(findTestObject("Object Repository/HomePage/Page_CURA Healthcare Service/a_Login")): Object: 'Object Repository/HomePage/Page_CURA Healthcare Service/a_Login' is clicked on

22-01-2025T12:53:44 - [MESSAGE][PASSED] - Object: 'Object Repository/HomePage/Page_CURA Healthcare Service/a_Login' is clicked on

22-01-2025T12:53:44 - [TEST_STEP][PASSED] - setText(findTestObject("Object Repository/HomePage/Page_CURA Healthcare Service/input_Username_username"), "John Doe"): Text 'John Doe' is set on object 'Object Repository/HomePage/Page_CURA Healthcare Service/input_Username_username'

22-01-2025T12:53:46 - [MESSAGE][PASSED] - Text 'John Doe' is set on object 'Object Repository/HomePage/Page_CURA Healthcare Service/input_Username_username'

22-01-2025T12:53:46 - [TEST_STEP][PASSED] - setEncryptedText(findTestObject("Object Repository/HomePage/Page_CURA Healthcare Service/input_Password_password"), "g3/DOGG74jC3Flrr3yH+3D/yKbOqqUNM"): Text ****** has been set on object 'Object Repository/HomePage/Page_CURA Healthcare Service/input_Password_password'

22-01-2025T12:53:48 - [MESSAGE][PASSED] - Text ****** has been set on object 'Object Repository/HomePage/Page_CURA Healthcare Service/input_Password_password'

22-01-2025T12:53:48 - [TEST_STEP][PASSED] - click(findTestObject("Object Repository/HomePage/Page_CURA Healthcare Service/button_Login")): Object: 'Object Repository/HomePage/Page_CURA Healthcare Service/button_Login' is clicked on

22-01-2025T12:53:49 - [MESSAGE][PASSED] - Object: 'Object Repository/HomePage/Page_CURA Healthcare Service/button_Login' is clicked on

22-01-2025T12:53:49 - [TEST_STEP][PASSED] - click(findTestObject("Object Repository/HomePage/Page_CURA Healthcare Service/i_CURA Healthcare_fa fa-bars")): Object: 'Object Repository/HomePage/Page_CURA Healthcare Service/i_CURA Healthcare_fa fa-bars' is clicked on

22-01-2025T12:53:50 - [MESSAGE][PASSED] - Object: 'Object Repository/HomePage/Page_CURA Healthcare Service/i_CURA Healthcare_fa fa-bars' is clicked on

22-01-2025T12:53:50 - [TEST_STEP][PASSED] - verifyElementText(findTestObject("Object Repository/HomePage/Page_CURA Healthcare Service/a_Home"), "Home"): Actual text and expected text of test object 'Object Repository/HomePage/Page_CURA Healthcare Service/a_Home' are matched.

22-01-2025T12:53:51 - [MESSAGE][PASSED] - Actual text and expected text of test object 'Object Repository/HomePage/Page_CURA Healthcare Service/a_Home' are matched.

22-01-2025T12:53:51 - [TEST_STEP][FAILED] - verifyElementText(findTestObject("Object Repository/HomePage/Page_CURA Healthcare Service/a_History"), "History"): Verify element text of test object 'Object Repository/HomePage/Page_CURA Healthcare Service/a_History' FAILED. (Root cause: com.kms.katalon.core.exception.StepFailedException: Verify element text of test object 'Object Repository/HomePage/Page_CURA Healthcare Service/a_History' FAILED.
	at com.kms.katalon.core.webui.keyword.internal.WebUIKeywordMain.stepFailed(WebUIKeywordMain.groovy:117)
	at com.kms.katalon.core.webui.keyword.internal.WebUIKeywordMain.runKeyword(WebUIKeywordMain.groovy:43)
	at com.kms.katalon.core.webui.keyword.builtin.VerifyElementTextKeyword.verifyElementText(VerifyElementTextKeyword.groovy:72)
	at com.kms.katalon.core.webui.keyword.builtin.VerifyElementTextKeyword.execute(VerifyElementTextKeyword.groovy:40)
	at com.kms.katalon.core.keyword.internal.KeywordExecutor.executeKeywordForPlatform(KeywordExecutor.groovy:74)
	at com.kms.katalon.core.webui.keyword.WebUiBuiltInKeywords.verifyElementText(WebUiBuiltInKeywords.groovy:4994)
	at TC11_VerifyMenuAfterLogin.run(TC11_VerifyMenuAfterLogin:39)
	at com.kms.katalon.core.main.ScriptEngine.run(ScriptEngine.java:194)
	at com.kms.katalon.core.main.ScriptEngine.runScriptAsRawText(ScriptEngine.java:119)
	at com.kms.katalon.core.main.TestCaseExecutor.runScript(TestCaseExecutor.java:448)
	at com.kms.katalon.core.main.TestCaseExecutor.doExecute(TestCaseExecutor.java:439)
	at com.kms.katalon.core.main.TestCaseExecutor.processExecutionPhase(TestCaseExecutor.java:418)
	at com.kms.katalon.core.main.TestCaseExecutor.accessMainPhase(TestCaseExecutor.java:410)
	at com.kms.katalon.core.main.TestCaseExecutor.execute(TestCaseExecutor.java:285)
	at com.kms.katalon.core.main.TestCaseExecutor.execute(TestCaseExecutor.java:369)
	at com.kms.katalon.core.main.TestCaseExecutor.execute(TestCaseExecutor.java:369)
	at com.kms.katalon.core.main.TestCaseExecutor.execute(TestCaseExecutor.java:369)
	at com.kms.katalon.core.common.CommonExecutor.accessTestCaseMainPhase(CommonExecutor.java:65)
	at com.kms.katalon.core.main.TestSuiteExecutor.accessTestSuiteMainPhase(TestSuiteExecutor.java:161)
	at com.kms.katalon.core.main.TestSuiteExecutor.execute(TestSuiteExecutor.java:107)
	at com.kms.katalon.core.main.TestCaseMain.startTestSuite(TestCaseMain.java:176)
	at TempTestSuite1737530112289.run(TempTestSuite1737530112289.groovy:35)
	at java.base/jdk.internal.reflect.NativeMethodAccessorImpl.invoke0(Native Method)
	at java.base/jdk.internal.reflect.NativeMethodAccessorImpl.invoke(NativeMethodAccessorImpl.java:77)
	at java.base/jdk.internal.reflect.DelegatingMethodAccessorImpl.invoke(DelegatingMethodAccessorImpl.java:43)
Caused by: org.openqa.selenium.NoSuchSessionException: invalid session id: session deleted as the browser has closed the connection
from disconnected: Unable to receive message from renderer
  (Session info: chrome=133.0.6847.2)
Build info: version: '4.22.0', revision: 'c5f3146703'
System info: os.name: 'Windows 10', os.arch: 'amd64', os.version: '10.0', java.version: '17.0.7'
Driver info: com.kms.katalon.selenium.driver.CRemoteWebDriver
Command: [f263dc1953a56f5c0ea9275c5734d31c, findElements {using=xpath, value=(//a[@onclick="$('#menu-close').click();"])[3]}]
Capabilities {acceptInsecureCerts: false, browserName: chrome, browserVersion: 133.0.6847.2, chrome: {chromedriverVersion: 133.0.6847.2 (7e95e23d2d1f8..., userDataDir: C:\Program Files\scoped_dir...}, fedcm:accounts: true, goog:chromeOptions: {debuggerAddress: localhost:9225}, katalon:caps: {executionId: b3188bb9-b233-4689-96cd-b7b..., executionSessionId: a1c54cd6-4f82-46e9-8079-b87...}, katalon:options: {executionId: b3188bb9-b233-4689-96cd-b7b..., executionMode: queue, executionSessionId: a1c54cd6-4f82-46e9-8079-b87..., metadata: {accountUuid: c6686683-9d96-48f5-b27c-e63..., channel: kse;v=10.0.1, organizationId: 1874306, usingTunnel: false}, runFromTestCloud: true, userId: 1643285, usingTunnel: false}, kt:requestId: a1c54cd6-4f82-46e9-8079-b87..., kt:rid: a1c54cd6-4f82-46e9-8079-b87..., networkConnectionEnabled: false, pageLoadStrategy: normal, platformName: windows, proxy: Proxy(), se:bidiEnabled: false, se:cdpEnabled: false, setWindowRect: true, strictFileInteractability: false, timeouts: {implicit: 0, pageLoad: 300000, script: 30000}, unhandledPromptBehavior: dismiss and notify, webauthn:extension:credBlob: true, webauthn:extension:largeBlob: true, webauthn:extension:minPinLength: true, webauthn:extension:prf: true, webauthn:virtualAuthenticators: true}
Session ID: f263dc1953a56f5c0ea9275c5734d31c
	at jdk.internal.reflect.GeneratedConstructorAccessor37.newInstance(Unknown Source)
	at java.base/jdk.internal.reflect.DelegatingConstructorAccessorImpl.newInstance(DelegatingConstructorAccessorImpl.java:45)
	at org.openqa.selenium.remote.ErrorCodec.decode(ErrorCodec.java:167)
	at org.openqa.selenium.remote.codec.w3c.W3CHttpResponseCodec.decode(W3CHttpResponseCodec.java:138)
	at org.openqa.selenium.remote.codec.w3c.W3CHttpResponseCodec.decode(W3CHttpResponseCodec.java:50)
	at org.openqa.selenium.remote.HttpCommandExecutor.execute(HttpCommandExecutor.java:190)
	at org.openqa.selenium.remote.RemoteWebDriver.execute(RemoteWebDriver.java:518)
	at org.openqa.selenium.remote.ElementLocation$ElementFinder$2.findElements(ElementLocation.java:182)
	at org.openqa.selenium.remote.ElementLocation.findElements(ElementLocation.java:103)
	at org.openqa.selenium.remote.RemoteWebDriver.findElements(RemoteWebDriver.java:368)
	at org.openqa.selenium.remote.RemoteWebDriver.findElements(RemoteWebDriver.java:362)
	at jdk.internal.reflect.GeneratedMethodAccessor20.invoke(Unknown Source)
	at java.base/jdk.internal.reflect.DelegatingMethodAccessorImpl.invoke(DelegatingMethodAccessorImpl.java:43)
	at org.openqa.selenium.support.decorators.WebDriverDecorator.call(WebDriverDecorator.java:249)
	at org.openqa.selenium.support.decorators.DefaultDecorated.call(DefaultDecorated.java:48)
	at org.openqa.selenium.support.decorators.WebDriverDecorator.lambda$createProxy$2(WebDriverDecorator.java:321)
	at org.openqa.selenium.remote.RemoteWebDriver$ByteBuddy$DD2VH8mb.findElements(Unknown Source)
	at com.kms.katalon.core.webui.common.WebUiCommonHelper.findElementByNormalMethods(WebUiCommonHelper.java:1036)
	at com.kms.katalon.core.webui.common.WebUiCommonHelper.findElementsBySelectedMethod(WebUiCommonHelper.java:927)
	at com.kms.katalon.core.webui.common.WebUiCommonHelper.findElementsBySelectedMethod(WebUiCommonHelper.java:909)
	at com.kms.katalon.core.webui.common.WebUiCommonHelper.findElementsBySelectedMethod(WebUiCommonHelper.java:904)
	at com.kms.katalon.core.webui.common.WebUiCommonHelper.findElementsByDefault(WebUiCommonHelper.java:900)
	at com.kms.katalon.core.webui.common.WebUiCommonHelper.findElementsWithSelfHealing(WebUiCommonHelper.java:746)
	at com.kms.katalon.core.webui.common.WebUiCommonHelper.findWebElements(WebUiCommonHelper.java:730)
	at com.kms.katalon.core.webui.common.WebUiCommonHelper.findWebElement(WebUiCommonHelper.java:1416)
	at com.kms.katalon.core.webui.keyword.internal.WebUIAbstractKeyword.findWebElement(WebUIAbstractKeyword.groovy:27)
	at com.kms.katalon.core.webui.keyword.builtin.VerifyElementTextKeyword$_verifyElementText_closure1.doCall(VerifyElementTextKeyword.groovy:52)
	at com.kms.katalon.core.webui.keyword.builtin.VerifyElementTextKeyword$_verifyElementText_closure1.call(VerifyElementTextKeyword.groovy)
	at com.kms.katalon.core.webui.keyword.internal.WebUIKeywordMain.runKeyword(WebUIKeywordMain.groovy:35)
	at com.kms.katalon.core.webui.keyword.builtin.VerifyElementTextKeyword.verifyElementText(VerifyElementTextKeyword.groovy:72)
	at com.kms.katalon.core.webui.keyword.builtin.VerifyElementTextKeyword.execute(VerifyElementTextKeyword.groovy:40)
	at com.kms.katalon.core.keyword.internal.KeywordExecutor.executeKeywordForPlatform(KeywordExecutor.groovy:74)
	at com.kms.katalon.core.webui.keyword.WebUiBuiltInKeywords.verifyElementText(WebUiBuiltInKeywords.groovy:4994)
	at Script1736166782340.run(Script1736166782340.groovy:39)
	... 18 more
)

22-01-2025T12:53:52 - [MESSAGE][WARNING] - [SELF-HEALING] Failed to find element with id 'Object Repository/HomePage/Page_CURA Healthcare Service/a_History'. Try using Self-healing.

22-01-2025T12:53:53 - [MESSAGE][WARNING] - [SELF-HEALING] invalid session id
Build info: version: '4.22.0', revision: 'c5f3146703'
System info: os.name: 'Windows 10', os.arch: 'amd64', os.version: '10.0', java.version: '17.0.7'
Driver info: com.kms.katalon.selenium.driver.CRemoteWebDriver
Command: [f263dc1953a56f5c0ea9275c5734d31c, findElements {using=xpath, value=(//a[@onclick="$('#menu-close').click();"])[3]}]
Capabilities {acceptInsecureCerts: false, browserName: chrome, browserVersion: 133.0.6847.2, chrome: {chromedriverVersion: 133.0.6847.2 (7e95e23d2d1f8..., userDataDir: C:\Program Files\scoped_dir...}, fedcm:accounts: true, goog:chromeOptions: {debuggerAddress: localhost:9225}, katalon:caps: {executionId: b3188bb9-b233-4689-96cd-b7b..., executionSessionId: a1c54cd6-4f82-46e9-8079-b87...}, katalon:options: {executionId: b3188bb9-b233-4689-96cd-b7b..., executionMode: queue, executionSessionId: a1c54cd6-4f82-46e9-8079-b87..., metadata: {accountUuid: c6686683-9d96-48f5-b27c-e63..., channel: kse;v=10.0.1, organizationId: 1874306, usingTunnel: false}, runFromTestCloud: true, userId: 1643285, usingTunnel: false}, kt:requestId: a1c54cd6-4f82-46e9-8079-b87..., kt:rid: a1c54cd6-4f82-46e9-8079-b87..., networkConnectionEnabled: false, pageLoadStrategy: normal, platformName: windows, proxy: Proxy(), se:bidiEnabled: false, se:cdpEnabled: false, setWindowRect: true, strictFileInteractability: false, timeouts: {implicit: 0, pageLoad: 300000, script: 30000}, unhandledPromptBehavior: dismiss and notify, webauthn:extension:credBlob: true, webauthn:extension:largeBlob: true, webauthn:extension:minPinLength: true, webauthn:extension:prf: true, webauthn:virtualAuthenticators: true}
Session ID: f263dc1953a56f5c0ea9275c5734d31c

22-01-2025T12:53:55 - [MESSAGE][WARNING] - [SELF-HEALING] invalid session id
Build info: version: '4.22.0', revision: 'c5f3146703'
System info: os.name: 'Windows 10', os.arch: 'amd64', os.version: '10.0', java.version: '17.0.7'
Driver info: com.kms.katalon.selenium.driver.CRemoteWebDriver
Command: [f263dc1953a56f5c0ea9275c5734d31c, findElements {using=xpath, value=//*[@href = 'history.php#history' and (text() = 'History' or . = 'History')]}]
Capabilities {acceptInsecureCerts: false, browserName: chrome, browserVersion: 133.0.6847.2, chrome: {chromedriverVersion: 133.0.6847.2 (7e95e23d2d1f8..., userDataDir: C:\Program Files\scoped_dir...}, fedcm:accounts: true, goog:chromeOptions: {debuggerAddress: localhost:9225}, katalon:caps: {executionId: b3188bb9-b233-4689-96cd-b7b..., executionSessionId: a1c54cd6-4f82-46e9-8079-b87...}, katalon:options: {executionId: b3188bb9-b233-4689-96cd-b7b..., executionMode: queue, executionSessionId: a1c54cd6-4f82-46e9-8079-b87..., metadata: {accountUuid: c6686683-9d96-48f5-b27c-e63..., channel: kse;v=10.0.1, organizationId: 1874306, usingTunnel: false}, runFromTestCloud: true, userId: 1643285, usingTunnel: false}, kt:requestId: a1c54cd6-4f82-46e9-8079-b87..., kt:rid: a1c54cd6-4f82-46e9-8079-b87..., networkConnectionEnabled: false, pageLoadStrategy: normal, platformName: windows, proxy: Proxy(), se:bidiEnabled: false, se:cdpEnabled: false, setWindowRect: true, strictFileInteractability: false, timeouts: {implicit: 0, pageLoad: 300000, script: 30000}, unhandledPromptBehavior: dismiss and notify, webauthn:extension:credBlob: true, webauthn:extension:largeBlob: true, webauthn:extension:minPinLength: true, webauthn:extension:prf: true, webauthn:virtualAuthenticators: true}
Session ID: f263dc1953a56f5c0ea9275c5734d31c

22-01-2025T12:53:55 - [MESSAGE][WARNING] - [SELF-HEALING] invalid session id
Build info: version: '4.22.0', revision: 'c5f3146703'
System info: os.name: 'Windows 10', os.arch: 'amd64', os.version: '10.0', java.version: '17.0.7'
Driver info: com.kms.katalon.selenium.driver.CRemoteWebDriver
Command: [f263dc1953a56f5c0ea9275c5734d31c, findElements {using=css selector, value=li:nth-of-type(3) > a}]
Capabilities {acceptInsecureCerts: false, browserName: chrome, browserVersion: 133.0.6847.2, chrome: {chromedriverVersion: 133.0.6847.2 (7e95e23d2d1f8..., userDataDir: C:\Program Files\scoped_dir...}, fedcm:accounts: true, goog:chromeOptions: {debuggerAddress: localhost:9225}, katalon:caps: {executionId: b3188bb9-b233-4689-96cd-b7b..., executionSessionId: a1c54cd6-4f82-46e9-8079-b87...}, katalon:options: {executionId: b3188bb9-b233-4689-96cd-b7b..., executionMode: queue, executionSessionId: a1c54cd6-4f82-46e9-8079-b87..., metadata: {accountUuid: c6686683-9d96-48f5-b27c-e63..., channel: kse;v=10.0.1, organizationId: 1874306, usingTunnel: false}, runFromTestCloud: true, userId: 1643285, usingTunnel: false}, kt:requestId: a1c54cd6-4f82-46e9-8079-b87..., kt:rid: a1c54cd6-4f82-46e9-8079-b87..., networkConnectionEnabled: false, pageLoadStrategy: normal, platformName: windows, proxy: Proxy(), se:bidiEnabled: false, se:cdpEnabled: false, setWindowRect: true, strictFileInteractability: false, timeouts: {implicit: 0, pageLoad: 300000, script: 30000}, unhandledPromptBehavior: dismiss and notify, webauthn:extension:credBlob: true, webauthn:extension:largeBlob: true, webauthn:extension:minPinLength: true, webauthn:extension:prf: true, webauthn:virtualAuthenticators: true}
Session ID: f263dc1953a56f5c0ea9275c5734d31c

22-01-2025T12:53:56 - [MESSAGE][WARNING] - Cannot take screenshot

22-01-2025T12:53:56 - [MESSAGE][FAILED] - Verify element text of test object 'Object Repository/HomePage/Page_CURA Healthcare Service/a_History' FAILED. (Root cause: com.kms.katalon.core.exception.StepFailedException: Verify element text of test object 'Object Repository/HomePage/Page_CURA Healthcare Service/a_History' FAILED.
	at com.kms.katalon.core.webui.keyword.internal.WebUIKeywordMain.stepFailed(WebUIKeywordMain.groovy:117)
	at com.kms.katalon.core.webui.keyword.internal.WebUIKeywordMain.runKeyword(WebUIKeywordMain.groovy:43)
	at com.kms.katalon.core.webui.keyword.builtin.VerifyElementTextKeyword.verifyElementText(VerifyElementTextKeyword.groovy:72)
	at com.kms.katalon.core.webui.keyword.builtin.VerifyElementTextKeyword.execute(VerifyElementTextKeyword.groovy:40)
	at com.kms.katalon.core.keyword.internal.KeywordExecutor.executeKeywordForPlatform(KeywordExecutor.groovy:74)
	at com.kms.katalon.core.webui.keyword.WebUiBuiltInKeywords.verifyElementText(WebUiBuiltInKeywords.groovy:4994)
	at TC11_VerifyMenuAfterLogin.run(TC11_VerifyMenuAfterLogin:39)
	at com.kms.katalon.core.main.ScriptEngine.run(ScriptEngine.java:194)
	at com.kms.katalon.core.main.ScriptEngine.runScriptAsRawText(ScriptEngine.java:119)
	at com.kms.katalon.core.main.TestCaseExecutor.runScript(TestCaseExecutor.java:448)
	at com.kms.katalon.core.main.TestCaseExecutor.doExecute(TestCaseExecutor.java:439)
	at com.kms.katalon.core.main.TestCaseExecutor.processExecutionPhase(TestCaseExecutor.java:418)
	at com.kms.katalon.core.main.TestCaseExecutor.accessMainPhase(TestCaseExecutor.java:410)
	at com.kms.katalon.core.main.TestCaseExecutor.execute(TestCaseExecutor.java:285)
	at com.kms.katalon.core.main.TestCaseExecutor.execute(TestCaseExecutor.java:369)
	at com.kms.katalon.core.main.TestCaseExecutor.execute(TestCaseExecutor.java:369)
	at com.kms.katalon.core.main.TestCaseExecutor.execute(TestCaseExecutor.java:369)
	at com.kms.katalon.core.common.CommonExecutor.accessTestCaseMainPhase(CommonExecutor.java:65)
	at com.kms.katalon.core.main.TestSuiteExecutor.accessTestSuiteMainPhase(TestSuiteExecutor.java:161)
	at com.kms.katalon.core.main.TestSuiteExecutor.execute(TestSuiteExecutor.java:107)
	at com.kms.katalon.core.main.TestCaseMain.startTestSuite(TestCaseMain.java:176)
	at TempTestSuite1737530112289.run(TempTestSuite1737530112289.groovy:35)
	at java.base/jdk.internal.reflect.NativeMethodAccessorImpl.invoke0(Native Method)
	at java.base/jdk.internal.reflect.NativeMethodAccessorImpl.invoke(NativeMethodAccessorImpl.java:77)
	at java.base/jdk.internal.reflect.DelegatingMethodAccessorImpl.invoke(DelegatingMethodAccessorImpl.java:43)
Caused by: org.openqa.selenium.NoSuchSessionException: invalid session id: session deleted as the browser has closed the connection
from disconnected: Unable to receive message from renderer
  (Session info: chrome=133.0.6847.2)
Build info: version: '4.22.0', revision: 'c5f3146703'
System info: os.name: 'Windows 10', os.arch: 'amd64', os.version: '10.0', java.version: '17.0.7'
Driver info: com.kms.katalon.selenium.driver.CRemoteWebDriver
Command: [f263dc1953a56f5c0ea9275c5734d31c, findElements {using=xpath, value=(//a[@onclick="$('#menu-close').click();"])[3]}]
[...]
	at com.kms.katalon.core.webui.keyword.WebUiBuiltInKeywords.setText(WebUiBuiltInKeywords.groovy:1056)
	at Script1736166136220.run(Script1736166136220.groovy:28)
	... 18 more
)

22-01-2025T13:11:16 - [MESSAGE][WARNING] - Cannot take screenshot

22-01-2025T13:11:16 - [MESSAGE][FAILED] - Unable to set text 'test' of object 'Object Repository/LoginPage/Page_CURA Healthcare Service/input_Username_username' (Root cause: com.kms.katalon.core.exception.StepFailedException: Unable to set text 'test' of object 'Object Repository/LoginPage/Page_CURA Healthcare Service/input_Username_username'
	at com.kms.katalon.core.webui.keyword.internal.WebUIKeywordMain.stepFailed(WebUIKeywordMain.groovy:117)
	at com.kms.katalon.core.webui.keyword.internal.WebUIKeywordMain.runKeyword(WebUIKeywordMain.groovy:43)
	at com.kms.katalon.core.webui.keyword.builtin.SetTextKeyword.setText(SetTextKeyword.groovy:86)
	at com.kms.katalon.core.webui.keyword.builtin.SetTextKeyword.execute(SetTextKeyword.groovy:39)
	at com.kms.katalon.core.keyword.internal.KeywordExecutor.executeKeywordForPlatform(KeywordExecutor.groovy:74)
	at com.kms.katalon.core.webui.keyword.WebUiBuiltInKeywords.setText(WebUiBuiltInKeywords.groovy:1056)
	at TC9_InvalidUsernamePassword.run(TC9_InvalidUsernamePassword:28)
	at com.kms.katalon.core.main.ScriptEngine.run(ScriptEngine.java:194)
	at com.kms.katalon.core.main.ScriptEngine.runScriptAsRawText(ScriptEngine.java:119)
	at com.kms.katalon.core.main.TestCaseExecutor.runScript(TestCaseExecutor.java:448)
	at com.kms.katalon.core.main.TestCaseExecutor.doExecute(TestCaseExecutor.java:439)
	at com.kms.katalon.core.main.TestCaseExecutor.processExecutionPhase(TestCaseExecutor.java:418)
	at com.kms.katalon.core.main.TestCaseExecutor.accessMainPhase(TestCaseExecutor.java:410)
	at com.kms.katalon.core.main.TestCaseExecutor.execute(TestCaseExecutor.java:285)
	at com.kms.katalon.core.main.TestCaseExecutor.execute(TestCaseExecutor.java:369)
	at com.kms.katalon.core.main.TestCaseExecutor.execute(TestCaseExecutor.java:369)
	at com.kms.katalon.core.main.TestCaseExecutor.execute(TestCaseExecutor.java:369)
	at com.kms.katalon.core.common.CommonExecutor.accessTestCaseMainPhase(CommonExecutor.java:65)
	at com.kms.katalon.core.main.TestSuiteExecutor.accessTestSuiteMainPhase(TestSuiteExecutor.java:161)
	at com.kms.katalon.core.main.TestSuiteExecutor.execute(TestSuiteExecutor.java:107)
	at com.kms.katalon.core.main.TestCaseMain.startTestSuite(TestCaseMain.java:176)
	at TempTestSuite1737530112289.run(TempTestSuite1737530112289.groovy:35)
	at java.base/jdk.internal.reflect.NativeMethodAccessorImpl.invoke0(Native Method)
	at java.base/jdk.internal.reflect.NativeMethodAccessorImpl.invoke(NativeMethodAccessorImpl.java:77)
	at java.base/jdk.internal.reflect.DelegatingMethodAccessorImpl.invoke(DelegatingMethodAccessorImpl.java:43)
Caused by: org.openqa.selenium.NoSuchSessionException: invalid session id: session deleted as the browser has closed the connection
from disconnected: Unable to receive message from renderer
  (Session info: chrome=133.0.6847.2)
Build info: version: '4.22.0', revision: 'c5f3146703'
System info: os.name: 'Windows 10', os.arch: 'amd64', os.version: '10.0', java.version: '17.0.7'
Driver info: com.kms.katalon.selenium.driver.CRemoteWebDriver
Command: [460a5087cf6c7d894abb2f36a8d1ac23, clearElement {id=f.55070D089C8EF7236017C3038A59E58E.d.AEC7832E3CCBA00C3E0C8FA274842EAE.e.14}]
Capabilities {acceptInsecureCerts: false, browserName: chrome, browserVersion: 133.0.6847.2, chrome: {chromedriverVersion: 133.0.6847.2 (7e95e23d2d1f8..., userDataDir: C:\Program Files\scoped_dir...}, fedcm:accounts: true, goog:chromeOptions: {debuggerAddress: localhost:9225}, katalon:caps: {executionId: 979026c5-9458-47c1-a228-415..., executionSessionId: d8eb1f1e-2878-4a94-90d3-67b...}, katalon:options: {executionId: 979026c5-9458-47c1-a228-415..., executionMode: queue, executionSessionId: d8eb1f1e-2878-4a94-90d3-67b..., metadata: {accountUuid: c6686683-9d96-48f5-b27c-e63..., channel: kse;v=10.0.1, organizationId: 1874306, usingTunnel: false}, runFromTestCloud: true, userId: 1643285, usingTunnel: false}, kt:requestId: d8eb1f1e-2878-4a94-90d3-67b..., kt:rid: d8eb1f1e-2878-4a94-90d3-67b..., networkConnectionEnabled: false, pageLoadStrategy: normal, platformName: windows, proxy: Proxy(), se:bidiEnabled: false, se:cdpEnabled: false, setWindowRect: true, strictFileInteractability: false, timeouts: {implicit: 0, pageLoad: 300000, script: 30000}, unhandledPromptBehavior: dismiss and notify, webauthn:extension:credBlob: true, webauthn:extension:largeBlob: true, webauthn:extension:minPinLength: true, webauthn:extension:prf: true, webauthn:virtualAuthenticators: true}
Element: [[CRemoteWebDriver: chrome on windows (460a5087cf6c7d894abb2f36a8d1ac23)] -> xpath: //input[@id='txt-username']]
Session ID: 460a5087cf6c7d894abb2f36a8d1ac23
	at jdk.internal.reflect.GeneratedConstructorAccessor37.newInstance(Unknown Source)
	at java.base/jdk.internal.reflect.DelegatingConstructorAccessorImpl.newInstance(DelegatingConstructorAccessorImpl.java:45)
	at org.openqa.selenium.remote.ErrorCodec.decode(ErrorCodec.java:167)
	at org.openqa.selenium.remote.codec.w3c.W3CHttpResponseCodec.decode(W3CHttpResponseCodec.java:138)
	at org.openqa.selenium.remote.codec.w3c.W3CHttpResponseCodec.decode(W3CHttpResponseCodec.java:50)
	at org.openqa.selenium.remote.HttpCommandExecutor.execute(HttpCommandExecutor.java:190)
	at org.openqa.selenium.remote.RemoteWebDriver.execute(RemoteWebDriver.java:518)
	at org.openqa.selenium.remote.RemoteWebElement.execute(RemoteWebElement.java:223)
	at org.openqa.selenium.remote.RemoteWebElement.clear(RemoteWebElement.java:129)
	at jdk.internal.reflect.GeneratedMethodAccessor69.invoke(Unknown Source)
	at java.base/jdk.internal.reflect.DelegatingMethodAccessorImpl.invoke(DelegatingMethodAccessorImpl.java:43)
	at org.openqa.selenium.support.decorators.WebDriverDecorator.call(WebDriverDecorator.java:249)
	at org.openqa.selenium.support.decorators.DefaultDecorated.call(DefaultDecorated.java:48)
	at org.openqa.selenium.support.decorators.WebDriverDecorator.lambda$createProxy$2(WebDriverDecorator.java:321)
	at net.bytebuddy.renamed.java.lang.Object$ByteBuddy$LQvxlioB.clear(Unknown Source)
	at com.kms.katalon.core.webui.keyword.builtin.SetTextKeyword$_setText_closure1.doCall(SetTextKeyword.groovy:55)
	at com.kms.katalon.core.webui.keyword.builtin.SetTextKeyword$_setText_closure1.call(SetTextKeyword.groovy)
	at com.kms.katalon.core.webui.keyword.internal.WebUIKeywordMain.runKeyword(WebUIKeywordMain.groovy:35)
	at com.kms.katalon.core.webui.keyword.builtin.SetTextKeyword.setText(SetTextKeyword.groovy:86)
	at com.kms.katalon.core.webui.keyword.builtin.SetTextKeyword.execute(SetTextKeyword.groovy:39)
	at com.kms.katalon.core.keyword.internal.KeywordExecutor.executeKeywordForPlatform(KeywordExecutor.groovy:74)
	at com.kms.katalon.core.webui.keyword.WebUiBuiltInKeywords.setText(WebUiBuiltInKeywords.groovy:1056)
	at Script1736166136220.run(Script1736166136220.groovy:28)
	... 18 more
)]]></system-out>
         <system-err><![CDATA[22-01-2025T13:10:51 - [TEST_CASE][FAILED] - Test Cases/TC9_InvalidUsernamePassword: Test Cases/TC9_InvalidUsernamePassword FAILED.
Reason:
com.kms.katalon.core.exception.StepFailedException: Unable to set text 'test' of object 'Object Repository/LoginPage/Page_CURA Healthcare Service/input_Username_username'
	at com.kms.katalon.core.webui.keyword.internal.WebUIKeywordMain.stepFailed(WebUIKeywordMain.groovy:117)
	at com.kms.katalon.core.webui.keyword.internal.WebUIKeywordMain.runKeyword(WebUIKeywordMain.groovy:43)
	at com.kms.katalon.core.webui.keyword.builtin.SetTextKeyword.setText(SetTextKeyword.groovy:86)
	at com.kms.katalon.core.webui.keyword.builtin.SetTextKeyword.execute(SetTextKeyword.groovy:39)
	at com.kms.katalon.core.keyword.internal.KeywordExecutor.executeKeywordForPlatform(KeywordExecutor.groovy:74)
	at com.kms.katalon.core.webui.keyword.WebUiBuiltInKeywords.setText(WebUiBuiltInKeywords.groovy:1056)
	at TC9_InvalidUsernamePassword.run(TC9_InvalidUsernamePassword:28)
	at com.kms.katalon.core.main.ScriptEngine.run(ScriptEngine.java:194)
	at com.kms.katalon.core.main.ScriptEngine.runScriptAsRawText(ScriptEngine.java:119)
	at com.kms.katalon.core.main.TestCaseExecutor.runScript(TestCaseExecutor.java:448)
	at com.kms.katalon.core.main.TestCaseExecutor.doExecute(TestCaseExecutor.java:439)
	at com.kms.katalon.core.main.TestCaseExecutor.processExecutionPhase(TestCaseExecutor.java:418)
	at com.kms.katalon.core.main.TestCaseExecutor.accessMainPhase(TestCaseExecutor.java:410)
	at com.kms.katalon.core.main.TestCaseExecutor.execute(TestCaseExecutor.java:285)
	at com.kms.katalon.core.main.TestCaseExecutor.execute(TestCaseExecutor.java:369)
	at com.kms.katalon.core.main.TestCaseExecutor.execute(TestCaseExecutor.java:369)
	at com.kms.katalon.core.main.TestCaseExecutor.execute(TestCaseExecutor.java:369)
	at com.kms.katalon.core.common.CommonExecutor.accessTestCaseMainPhase(CommonExecutor.java:65)
	at com.kms.katalon.core.main.TestSuiteExecutor.accessTestSuiteMainPhase(TestSuiteExecutor.java:161)
	at com.kms.katalon.core.main.TestSuiteExecutor.execute(TestSuiteExecutor.java:107)
	at com.kms.katalon.core.main.TestCaseMain.startTestSuite(TestCaseMain.java:176)
	at TempTestSuite1737530112289.run(TempTestSuite1737530112289.groovy:35)
	at java.base/jdk.internal.reflect.NativeMethodAccessorImpl.invoke0(Native Method)
	at java.base/jdk.internal.reflect.NativeMethodAccessorImpl.invoke(NativeMethodAccessorImpl.java:77)
	at java.base/jdk.internal.reflect.DelegatingMethodAccessorImpl.invoke(DelegatingMethodAccessorImpl.java:43)
Caused by: org.openqa.selenium.NoSuchSessionException: invalid session id: session deleted as the browser has closed the connection
from disconnected: Unable to receive message from renderer
  (Session info: chrome=133.0.6847.2)
Build info: version: '4.22.0', revision: 'c5f3146703'
System info: os.name: 'Windows 10', os.arch: 'amd64', os.version: '10.0', java.version: '17.0.7'
Driver info: com.kms.katalon.selenium.driver.CRemoteWebDriver
Command: [460a5087cf6c7d894abb2f36a8d1ac23, clearElement {id=f.55070D089C8EF7236017C3038A59E58E.d.AEC7832E3CCBA00C3E0C8FA274842EAE.e.14}]
Capabilities {acceptInsecureCerts: false, browserName: chrome, browserVersion: 133.0.6847.2, chrome: {chromedriverVersion: 133.0.6847.2 (7e95e23d2d1f8..., userDataDir: C:\Program Files\scoped_dir...}, fedcm:accounts: true, goog:chromeOptions: {debuggerAddress: localhost:9225}, katalon:caps: {executionId: 979026c5-9458-47c1-a228-415..., executionSessionId: d8eb1f1e-2878-4a94-90d3-67b...}, katalon:options: {executionId: 979026c5-9458-47c1-a228-415..., executionMode: queue, executionSessionId: d8eb1f1e-2878-4a94-90d3-67b..., metadata: {accountUuid: c6686683-9d96-48f5-b27c-e63..., channel: kse;v=10.0.1, organizationId: 1874306, usingTunnel: false}, runFromTestCloud: true, userId: 1643285, usingTunnel: false}, kt:requestId: d8eb1f1e-2878-4a94-90d3-67b..., kt:rid: d8eb1f1e-2878-4a94-90d3-67b..., networkConnectionEnabled: false, pageLoadStrategy: normal, platformName: windows, proxy: Proxy(), se:bidiEnabled: false, se:cdpEnabled: false, setWindowRect: true, strictFileInteractability: false, timeouts: {implicit: 0, pageLoad: 300000, script: 30000}, unhandledPromptBehavior: dismiss and notify, webauthn:extension:credBlob: true, webauthn:extension:largeBlob: true, webauthn:extension:minPinLength: true, webauthn:extension:prf: true, webauthn:virtualAuthenticators: true}
Element: [[CRemoteWebDriver: chrome on windows (460a5087cf6c7d894abb2f36a8d1ac23)] -> xpath: //input[@id='txt-username']]
Session ID: 460a5087cf6c7d894abb2f36a8d1ac23
	at jdk.internal.reflect.GeneratedConstructorAccessor37.newInstance(Unknown Source)
	at java.base/jdk.internal.reflect.DelegatingConstructorAccessorImpl.newInstance(DelegatingConstructorAccessorImpl.java:45)
	at org.openqa.selenium.remote.ErrorCodec.decode(ErrorCodec.java:167)
	at org.openqa.selenium.remote.codec.w3c.W3CHttpResponseCodec.decode(W3CHttpResponseCodec.java:138)
	at org.openqa.selenium.remote.codec.w3c.W3CHttpResponseCodec.decode(W3CHttpResponseCodec.java:50)
	at org.openqa.selenium.remote.HttpCommandExecutor.execute(HttpCommandExecutor.java:190)
	at org.openqa.selenium.remote.RemoteWebDriver.execute(RemoteWebDriver.java:518)
	at org.openqa.selenium.remote.RemoteWebElement.execute(RemoteWebElement.java:223)
	at org.openqa.selenium.remote.RemoteWebElement.clear(RemoteWebElement.java:129)
	at jdk.internal.reflect.GeneratedMethodAccessor69.invoke(Unknown Source)
	at java.base/jdk.internal.reflect.DelegatingMethodAccessorImpl.invoke(DelegatingMethodAccessorImpl.java:43)
	at org.openqa.selenium.support.decorators.WebDriverDecorator.call(WebDriverDecorator.java:249)
	at org.openqa.selenium.support.decorators.DefaultDecorated.call(DefaultDecorated.java:48)
	at org.openqa.selenium.support.decorators.WebDriverDecorator.lambda$createProxy$2(WebDriverDecorator.java:321)
	at net.bytebuddy.renamed.java.lang.Object$ByteBuddy$LQvxlioB.clear(Unknown Source)
	at com.kms.katalon.core.webui.keyword.builtin.SetTextKeyword$_setText_closure1.doCall(SetTextKeyword.groovy:55)
	at com.kms.katalon.core.webui.keyword.builtin.SetTextKeyword$_setText_closure1.call(SetTextKeyword.groovy)
	at com.kms.katalon.core.webui.keyword.internal.WebUIKeywordMain.runKeyword(WebUIKeywordMain.groovy:35)
	... 23 more]]></system-err>
      </testcase>
      <system-out><![CDATA[22-01-2025T12:45:30 - [TEST_SUITE][FAILED] - katalon-demo Test Suite: Test Cases/TC4_VerifyAddressOnHomePage FAILED.
Reason:
com.kms.katalon.core.exception.StepFailedException: Verify element text of test object 'Object Repository/HomePage/Page_CURA Healthcare Service/p_Atlanta 550 Pharr Road NE Suite 525Atlant_8f4c85' FAILED.
	at com.kms.katalon.core.webui.keyword.internal.WebUIKeywordMain.stepFailed(WebUIKeywordMain.groovy:117)
	at com.kms.katalon.core.webui.keyword.internal.WebUIKeywordMain.runKeyword(WebUIKeywordMain.groovy:43)
	at com.kms.katalon.core.webui.keyword.builtin.VerifyElementTextKeyword.verifyElementText(VerifyElementTextKeyword.groovy:72)
	at com.kms.katalon.core.webui.keyword.builtin.VerifyElementTextKeyword.execute(VerifyElementTextKeyword.groovy:40)
	at com.kms.katalon.core.keyword.internal.KeywordExecutor.executeKeywordForPlatform(KeywordExecutor.groovy:74)
	at com.kms.katalon.core.webui.keyword.WebUiBuiltInKeywords.verifyElementText(WebUiBuiltInKeywords.groovy:4994)
	at TC4_VerifyAddressOnHomePage.run(TC4_VerifyAddressOnHomePage:27)
	at com.kms.katalon.core.main.ScriptEngine.run(ScriptEngine.java:194)
	at com.kms.katalon.core.main.ScriptEngine.runScriptAsRawText(ScriptEngine.java:119)
	at com.kms.katalon.core.main.TestCaseExecutor.runScript(TestCaseExecutor.java:448)
	at com.kms.katalon.core.main.TestCaseExecutor.doExecute(TestCaseExecutor.java:439)
	at com.kms.katalon.core.main.TestCaseExecutor.processExecutionPhase(TestCaseExecutor.java:418)
	at com.kms.katalon.core.main.TestCaseExecutor.accessMainPhase(TestCaseExecutor.java:410)
	at com.kms.katalon.core.main.TestCaseExecutor.execute(TestCaseExecutor.java:285)
	at com.kms.katalon.core.common.CommonExecutor.accessTestCaseMainPhase(CommonExecutor.java:65)
	at com.kms.katalon.core.main.TestSuiteExecutor.accessTestSuiteMainPhase(TestSuiteExecutor.java:161)
	at com.kms.katalon.core.main.TestSuiteExecutor.execute(TestSuiteExecutor.java:107)
	at com.kms.katalon.core.main.TestCaseMain.startTestSuite(TestCaseMain.java:176)
	at TempTestSuite1737530112289.run(TempTestSuite1737530112289.groovy:35)
	at java.base/jdk.internal.reflect.NativeMethodAccessorImpl.invoke0(Native Method)
	at java.base/jdk.internal.reflect.NativeMethodAccessorImpl.invoke(NativeMethodAccessorImpl.java:77)
	at java.base/jdk.internal.reflect.DelegatingMethodAccessorImpl.invoke(DelegatingMethodAccessorImpl.java:43)
Caused by: com.kms.katalon.core.exception.StepFailedException: Actual text 'Atlanta 550 Pharr Road NE Suite 525
Atlanta, GA 30305' and expected text 'Atlanta 550 Pharr Road NE Suite 525' of test object 'Object Repository/HomePage/Page_CURA Healthcare Service/p_Atlanta 550 Pharr Road NE Suite 525Atlant_8f4c85' are NOT matched.
	at com.kms.katalon.core.webui.keyword.internal.WebUIKeywordMain.stepFailed(WebUIKeywordMain.groovy:117)
	at com.kms.katalon.core.webui.keyword.builtin.VerifyElementTextKeyword$_verifyElementText_closure1.doCall(VerifyElementTextKeyword.groovy:57)
	at com.kms.katalon.core.webui.keyword.builtin.VerifyElementTextKeyword$_verifyElementText_closure1.call(VerifyElementTextKeyword.groovy)
	at com.kms.katalon.core.webui.keyword.internal.WebUIKeywordMain.runKeyword(WebUIKeywordMain.groovy:35)
	... 20 more]]></system-out>
      <system-err><![CDATA[22-01-2025T12:45:30 - [TEST_SUITE][FAILED] - katalon-demo Test Suite: Test Cases/TC4_VerifyAddressOnHomePage FAILED.
Reason:
com.kms.katalon.core.exception.StepFailedException: Verify element text of test object 'Object Repository/HomePage/Page_CURA Healthcare Service/p_Atlanta 550 Pharr Road NE Suite 525Atlant_8f4c85' FAILED.
	at com.kms.katalon.core.webui.keyword.internal.WebUIKeywordMain.stepFailed(WebUIKeywordMain.groovy:117)
	at com.kms.katalon.core.webui.keyword.internal.WebUIKeywordMain.runKeyword(WebUIKeywordMain.groovy:43)
	at com.kms.katalon.core.webui.keyword.builtin.VerifyElementTextKeyword.verifyElementText(VerifyElementTextKeyword.groovy:72)
	at com.kms.katalon.core.webui.keyword.builtin.VerifyElementTextKeyword.execute(VerifyElementTextKeyword.groovy:40)
	at com.kms.katalon.core.keyword.internal.KeywordExecutor.executeKeywordForPlatform(KeywordExecutor.groovy:74)
	at com.kms.katalon.core.webui.keyword.WebUiBuiltInKeywords.verifyElementText(WebUiBuiltInKeywords.groovy:4994)
	at TC4_VerifyAddressOnHomePage.run(TC4_VerifyAddressOnHomePage:27)
	at com.kms.katalon.core.main.ScriptEngine.run(ScriptEngine.java:194)
	at com.kms.katalon.core.main.ScriptEngine.runScriptAsRawText(ScriptEngine.java:119)
	at com.kms.katalon.core.main.TestCaseExecutor.runScript(TestCaseExecutor.java:448)
	at com.kms.katalon.core.main.TestCaseExecutor.doExecute(TestCaseExecutor.java:439)
	at com.kms.katalon.core.main.TestCaseExecutor.processExecutionPhase(TestCaseExecutor.java:418)
	at com.kms.katalon.core.main.TestCaseExecutor.accessMainPhase(TestCaseExecutor.java:410)
	at com.kms.katalon.core.main.TestCaseExecutor.execute(TestCaseExecutor.java:285)
	at com.kms.katalon.core.common.CommonExecutor.accessTestCaseMainPhase(CommonExecutor.java:65)
	at com.kms.katalon.core.main.TestSuiteExecutor.accessTestSuiteMainPhase(TestSuiteExecutor.java:161)
	at com.kms.katalon.core.main.TestSuiteExecutor.execute(TestSuiteExecutor.java:107)
	at com.kms.katalon.core.main.TestCaseMain.startTestSuite(TestCaseMain.java:176)
	at TempTestSuite1737530112289.run(TempTestSuite1737530112289.groovy:35)
	at java.base/jdk.internal.reflect.NativeMethodAccessorImpl.invoke0(Native Method)
	at java.base/jdk.internal.reflect.NativeMethodAccessorImpl.invoke(NativeMethodAccessorImpl.java:77)
	at java.base/jdk.internal.reflect.DelegatingMethodAccessorImpl.invoke(DelegatingMethodAccessorImpl.java:43)
Caused by: com.kms.katalon.core.exception.StepFailedException: Actual text 'Atlanta 550 Pharr Road NE Suite 525
Atlanta, GA 30305' and expected text 'Atlanta 550 Pharr Road NE Suite 525' of test object 'Object Repository/HomePage/Page_CURA Healthcare Service/p_Atlanta 550 Pharr Road NE Suite 525Atlant_8f4c85' are NOT matched.
	at com.kms.katalon.core.webui.keyword.internal.WebUIKeywordMain.stepFailed(WebUIKeywordMain.groovy:117)
	at com.kms.katalon.core.webui.keyword.builtin.VerifyElementTextKeyword$_verifyElementText_closure1.doCall(VerifyElementTextKeyword.groovy:57)
	at com.kms.katalon.core.webui.keyword.builtin.VerifyElementTextKeyword$_verifyElementText_closure1.call(VerifyElementTextKeyword.groovy)
	at com.kms.katalon.core.webui.keyword.internal.WebUIKeywordMain.runKeyword(WebUIKeywordMain.groovy:35)
	... 20 more]]></system-err>
   </testsuite>
</testsuites>
